2018-01-08 12:36:33,073 [Worker-18] INFO  o.e.m.c.i.p.ProjectConfigurationManager - Collecting project info '/pom.xml' C:\Users\Saiprashanthi\workspace7\OnlineDress\pom.xml
2018-01-08 12:36:34,258 [Worker-18] INFO  o.e.m.c.i.l.LifecycleMappingFactory - Using org.maven.ide.eclipse.wtp.WarLifecycleMapping lifecycle mapping for MavenProject: com.niit:OnlineDress:0.0.1-SNAPSHOT @ C:\Users\Saiprashanthi\workspace7\OnlineDress\pom.xml.
2018-01-08 12:36:35,537 [Worker-18] INFO  o.e.m.j.i.AbstractJavaProjectConfigurator - Adding source folder /OnlineDress/src/main/java
2018-01-08 12:36:35,538 [Worker-18] INFO  o.e.m.j.i.AbstractJavaProjectConfigurator - Adding resource folder /OnlineDress/src/main/resources
2018-01-08 12:36:35,539 [Worker-18] INFO  o.e.m.j.i.AbstractJavaProjectConfigurator - Adding source folder /OnlineDress/src/test/java
2018-01-08 12:36:39,480 [Worker-18] INFO  o.e.m.c.i.p.ProjectConfigurationManager - Imported and configured 1 project(s) in 6 sec
2018-01-08 12:36:40,313 [Worker-18] WARN  o.e.m.c.i.embedder.EclipseLogger - Using platform encoding (Cp1252 actually) to copy filtered resources, i.e. build is platform dependent!
2018-01-08 12:36:40,378 [Worker-18] INFO  o.e.m.c.i.embedder.EclipseLogger - Copying 0 resource
2018-01-08 12:36:40,387 [Worker-18] WARN  o.e.m.c.i.embedder.EclipseLogger - Using platform encoding (Cp1252 actually) to copy filtered resources, i.e. build is platform dependent!
2018-01-08 12:36:40,388 [Worker-18] INFO  o.e.m.c.i.embedder.EclipseLogger - skip non existing resourceDirectory C:\Users\Saiprashanthi\workspace7\OnlineDress\src\test\resources
2018-01-08 12:36:40,810 [Worker-18] WARN  o.e.m.c.i.embedder.EclipseLogger - Using platform encoding (Cp1252 actually) to copy filtered resources, i.e. build is platform dependent!
2018-01-08 12:36:40,814 [Worker-18] INFO  o.e.m.c.i.embedder.EclipseLogger - Copying 0 resource
2018-01-08 12:36:40,815 [Worker-18] WARN  o.e.m.c.i.embedder.EclipseLogger - Using platform encoding (Cp1252 actually) to copy filtered resources, i.e. build is platform dependent!
2018-01-08 12:36:40,817 [Worker-18] INFO  o.e.m.c.i.embedder.EclipseLogger - skip non existing resourceDirectory C:\Users\Saiprashanthi\workspace7\OnlineDress\src\test\resources
2018-01-08 12:37:04,593 [Worker-23] WARN  o.e.m.c.i.embedder.EclipseLogger - Using platform encoding (Cp1252 actually) to copy filtered resources, i.e. build is platform dependent!
2018-01-08 12:37:04,595 [Worker-23] INFO  o.e.m.c.i.embedder.EclipseLogger - Copying 0 resource
2018-01-08 12:37:04,597 [Worker-23] WARN  o.e.m.c.i.embedder.EclipseLogger - Using platform encoding (Cp1252 actually) to copy filtered resources, i.e. build is platform dependent!
2018-01-08 12:37:04,599 [Worker-23] INFO  o.e.m.c.i.embedder.EclipseLogger - skip non existing resourceDirectory C:\Users\Saiprashanthi\workspace7\OnlineDress\src\test\resources
2018-01-08 12:41:09,461 [Worker-32] WARN  o.e.m.c.i.embedder.EclipseLogger - Using platform encoding (Cp1252 actually) to copy filtered resources, i.e. build is platform dependent!
2018-01-08 12:41:09,465 [Worker-32] INFO  o.e.m.c.i.embedder.EclipseLogger - Copying 0 resource
2018-01-08 12:41:09,466 [Worker-32] WARN  o.e.m.c.i.embedder.EclipseLogger - Using platform encoding (Cp1252 actually) to copy filtered resources, i.e. build is platform dependent!
2018-01-08 12:41:09,469 [Worker-32] INFO  o.e.m.c.i.embedder.EclipseLogger - skip non existing resourceDirectory C:\Users\Saiprashanthi\workspace7\OnlineDress\src\test\resources
2018-01-08 12:41:38,431 [Worker-25] WARN  o.e.m.c.i.embedder.EclipseLogger - Using platform encoding (Cp1252 actually) to copy filtered resources, i.e. build is platform dependent!
2018-01-08 12:41:38,432 [Worker-25] INFO  o.e.m.c.i.embedder.EclipseLogger - Copying 0 resource
2018-01-08 12:41:38,434 [Worker-25] WARN  o.e.m.c.i.embedder.EclipseLogger - Using platform encoding (Cp1252 actually) to copy filtered resources, i.e. build is platform dependent!
2018-01-08 12:41:38,435 [Worker-25] INFO  o.e.m.c.i.embedder.EclipseLogger - skip non existing resourceDirectory C:\Users\Saiprashanthi\workspace7\OnlineDress\src\test\resources
2018-01-08 12:49:31,961 [Worker-34] WARN  o.e.m.c.i.embedder.EclipseLogger - Using platform encoding (Cp1252 actually) to copy filtered resources, i.e. build is platform dependent!
2018-01-08 12:49:31,961 [Worker-34] INFO  o.e.m.c.i.embedder.EclipseLogger - Copying 0 resource
2018-01-08 12:49:31,977 [Worker-34] WARN  o.e.m.c.i.embedder.EclipseLogger - Using platform encoding (Cp1252 actually) to copy filtered resources, i.e. build is platform dependent!
2018-01-08 12:49:31,977 [Worker-34] INFO  o.e.m.c.i.embedder.EclipseLogger - skip non existing resourceDirectory C:\Users\Saiprashanthi\workspace7\OnlineDress\src\test\resources
2018-01-08 12:49:47,804 [Worker-41] WARN  o.e.m.c.i.embedder.EclipseLogger - Using platform encoding (Cp1252 actually) to copy filtered resources, i.e. build is platform dependent!
2018-01-08 12:49:47,804 [Worker-41] INFO  o.e.m.c.i.embedder.EclipseLogger - Copying 0 resource
2018-01-08 12:49:47,804 [Worker-41] WARN  o.e.m.c.i.embedder.EclipseLogger - Using platform encoding (Cp1252 actually) to copy filtered resources, i.e. build is platform dependent!
2018-01-08 12:49:47,804 [Worker-41] INFO  o.e.m.c.i.embedder.EclipseLogger - skip non existing resourceDirectory C:\Users\Saiprashanthi\workspace7\OnlineDress\src\test\resources
2018-01-08 12:53:28,221 [Worker-41] WARN  o.e.m.c.i.embedder.EclipseLogger - Using platform encoding (Cp1252 actually) to copy filtered resources, i.e. build is platform dependent!
2018-01-08 12:53:28,221 [Worker-41] INFO  o.e.m.c.i.embedder.EclipseLogger - Copying 0 resource
2018-01-08 12:53:28,225 [Worker-41] WARN  o.e.m.c.i.embedder.EclipseLogger - Using platform encoding (Cp1252 actually) to copy filtered resources, i.e. build is platform dependent!
2018-01-08 12:53:28,225 [Worker-41] INFO  o.e.m.c.i.embedder.EclipseLogger - skip non existing resourceDirectory C:\Users\Saiprashanthi\workspace7\OnlineDress\src\test\resources
2018-01-08 12:53:35,015 [Worker-33] WARN  o.e.m.c.i.embedder.EclipseLogger - Using platform encoding (Cp1252 actually) to copy filtered resources, i.e. build is platform dependent!
2018-01-08 12:53:35,015 [Worker-33] INFO  o.e.m.c.i.embedder.EclipseLogger - Copying 0 resource
2018-01-08 12:53:35,015 [Worker-33] WARN  o.e.m.c.i.embedder.EclipseLogger - Using platform encoding (Cp1252 actually) to copy filtered resources, i.e. build is platform dependent!
2018-01-08 12:53:35,019 [Worker-33] INFO  o.e.m.c.i.embedder.EclipseLogger - skip non existing resourceDirectory C:\Users\Saiprashanthi\workspace7\OnlineDress\src\test\resources
2018-01-08 12:54:17,386 [Worker-47] WARN  o.e.m.c.i.embedder.EclipseLogger - Using platform encoding (Cp1252 actually) to copy filtered resources, i.e. build is platform dependent!
2018-01-08 12:54:17,390 [Worker-47] INFO  o.e.m.c.i.embedder.EclipseLogger - Copying 0 resource
2018-01-08 12:54:17,390 [Worker-47] WARN  o.e.m.c.i.embedder.EclipseLogger - Using platform encoding (Cp1252 actually) to copy filtered resources, i.e. build is platform dependent!
2018-01-08 12:54:17,390 [Worker-47] INFO  o.e.m.c.i.embedder.EclipseLogger - skip non existing resourceDirectory C:\Users\Saiprashanthi\workspace7\OnlineDress\src\test\resources
2018-01-08 12:54:30,148 [Worker-34] WARN  o.e.m.c.i.embedder.EclipseLogger - Using platform encoding (Cp1252 actually) to copy filtered resources, i.e. build is platform dependent!
2018-01-08 12:54:30,152 [Worker-34] INFO  o.e.m.c.i.embedder.EclipseLogger - Copying 0 resource
2018-01-08 12:54:30,156 [Worker-34] WARN  o.e.m.c.i.embedder.EclipseLogger - Using platform encoding (Cp1252 actually) to copy filtered resources, i.e. build is platform dependent!
2018-01-08 12:54:30,160 [Worker-34] INFO  o.e.m.c.i.embedder.EclipseLogger - skip non existing resourceDirectory C:\Users\Saiprashanthi\workspace7\OnlineDress\src\test\resources
2018-01-08 12:54:58,595 [Worker-33] WARN  o.e.m.c.i.embedder.EclipseLogger - Using platform encoding (Cp1252 actually) to copy filtered resources, i.e. build is platform dependent!
2018-01-08 12:54:58,595 [Worker-33] INFO  o.e.m.c.i.embedder.EclipseLogger - Copying 0 resource
2018-01-08 12:54:58,599 [Worker-33] WARN  o.e.m.c.i.embedder.EclipseLogger - Using platform encoding (Cp1252 actually) to copy filtered resources, i.e. build is platform dependent!
2018-01-08 12:54:58,603 [Worker-33] INFO  o.e.m.c.i.embedder.EclipseLogger - skip non existing resourceDirectory C:\Users\Saiprashanthi\workspace7\OnlineDress\src\test\resources
2018-01-08 12:55:30,836 [Worker-50] WARN  o.e.m.c.i.embedder.EclipseLogger - Using platform encoding (Cp1252 actually) to copy filtered resources, i.e. build is platform dependent!
2018-01-08 12:55:30,840 [Worker-50] INFO  o.e.m.c.i.embedder.EclipseLogger - Copying 0 resource
2018-01-08 12:55:30,840 [Worker-50] WARN  o.e.m.c.i.embedder.EclipseLogger - Using platform encoding (Cp1252 actually) to copy filtered resources, i.e. build is platform dependent!
2018-01-08 12:55:30,840 [Worker-50] INFO  o.e.m.c.i.embedder.EclipseLogger - skip non existing resourceDirectory C:\Users\Saiprashanthi\workspace7\OnlineDress\src\test\resources
2018-01-08 12:55:45,307 [Worker-47] WARN  o.e.m.c.i.embedder.EclipseLogger - Using platform encoding (Cp1252 actually) to copy filtered resources, i.e. build is platform dependent!
2018-01-08 12:55:45,307 [Worker-47] INFO  o.e.m.c.i.embedder.EclipseLogger - Copying 0 resource
2018-01-08 12:55:45,311 [Worker-47] WARN  o.e.m.c.i.embedder.EclipseLogger - Using platform encoding (Cp1252 actually) to copy filtered resources, i.e. build is platform dependent!
2018-01-08 12:55:45,315 [Worker-47] INFO  o.e.m.c.i.embedder.EclipseLogger - skip non existing resourceDirectory C:\Users\Saiprashanthi\workspace7\OnlineDress\src\test\resources
2018-01-08 12:56:15,029 [Worker-50] WARN  o.e.m.c.i.embedder.EclipseLogger - Using platform encoding (Cp1252 actually) to copy filtered resources, i.e. build is platform dependent!
2018-01-08 12:56:15,029 [Worker-50] INFO  o.e.m.c.i.embedder.EclipseLogger - Copying 0 resource
2018-01-08 12:56:15,033 [Worker-50] WARN  o.e.m.c.i.embedder.EclipseLogger - Using platform encoding (Cp1252 actually) to copy filtered resources, i.e. build is platform dependent!
2018-01-08 12:56:15,033 [Worker-50] INFO  o.e.m.c.i.embedder.EclipseLogger - skip non existing resourceDirectory C:\Users\Saiprashanthi\workspace7\OnlineDress\src\test\resources
2018-01-08 12:56:45,550 [Worker-33] WARN  o.e.m.c.i.embedder.EclipseLogger - Using platform encoding (Cp1252 actually) to copy filtered resources, i.e. build is platform dependent!
2018-01-08 12:56:45,554 [Worker-33] INFO  o.e.m.c.i.embedder.EclipseLogger - Copying 0 resource
2018-01-08 12:56:45,558 [Worker-33] WARN  o.e.m.c.i.embedder.EclipseLogger - Using platform encoding (Cp1252 actually) to copy filtered resources, i.e. build is platform dependent!
2018-01-08 12:56:45,558 [Worker-33] INFO  o.e.m.c.i.embedder.EclipseLogger - skip non existing resourceDirectory C:\Users\Saiprashanthi\workspace7\OnlineDress\src\test\resources
2018-01-08 12:57:11,271 [Worker-47] WARN  o.e.m.c.i.embedder.EclipseLogger - Using platform encoding (Cp1252 actually) to copy filtered resources, i.e. build is platform dependent!
2018-01-08 12:57:11,271 [Worker-47] INFO  o.e.m.c.i.embedder.EclipseLogger - Copying 0 resource
2018-01-08 12:57:11,271 [Worker-47] WARN  o.e.m.c.i.embedder.EclipseLogger - Using platform encoding (Cp1252 actually) to copy filtered resources, i.e. build is platform dependent!
2018-01-08 12:57:11,275 [Worker-47] INFO  o.e.m.c.i.embedder.EclipseLogger - skip non existing resourceDirectory C:\Users\Saiprashanthi\workspace7\OnlineDress\src\test\resources
2018-01-08 12:58:09,611 [Worker-41] WARN  o.e.m.c.i.embedder.EclipseLogger - Using platform encoding (Cp1252 actually) to copy filtered resources, i.e. build is platform dependent!
2018-01-08 12:58:09,611 [Worker-41] INFO  o.e.m.c.i.embedder.EclipseLogger - Copying 0 resource
2018-01-08 12:58:09,615 [Worker-41] WARN  o.e.m.c.i.embedder.EclipseLogger - Using platform encoding (Cp1252 actually) to copy filtered resources, i.e. build is platform dependent!
2018-01-08 12:58:09,615 [Worker-41] INFO  o.e.m.c.i.embedder.EclipseLogger - skip non existing resourceDirectory C:\Users\Saiprashanthi\workspace7\OnlineDress\src\test\resources
2018-01-08 12:58:46,130 [Worker-41] WARN  o.e.m.c.i.embedder.EclipseLogger - Using platform encoding (Cp1252 actually) to copy filtered resources, i.e. build is platform dependent!
2018-01-08 12:58:46,134 [Worker-41] INFO  o.e.m.c.i.embedder.EclipseLogger - Copying 0 resource
2018-01-08 12:58:46,138 [Worker-41] WARN  o.e.m.c.i.embedder.EclipseLogger - Using platform encoding (Cp1252 actually) to copy filtered resources, i.e. build is platform dependent!
2018-01-08 12:58:46,138 [Worker-41] INFO  o.e.m.c.i.embedder.EclipseLogger - skip non existing resourceDirectory C:\Users\Saiprashanthi\workspace7\OnlineDress\src\test\resources
2018-01-08 12:59:09,101 [Worker-47] WARN  o.e.m.c.i.embedder.EclipseLogger - Using platform encoding (Cp1252 actually) to copy filtered resources, i.e. build is platform dependent!
2018-01-08 12:59:09,105 [Worker-47] INFO  o.e.m.c.i.embedder.EclipseLogger - Copying 0 resource
2018-01-08 12:59:09,109 [Worker-47] WARN  o.e.m.c.i.embedder.EclipseLogger - Using platform encoding (Cp1252 actually) to copy filtered resources, i.e. build is platform dependent!
2018-01-08 12:59:09,109 [Worker-47] INFO  o.e.m.c.i.embedder.EclipseLogger - skip non existing resourceDirectory C:\Users\Saiprashanthi\workspace7\OnlineDress\src\test\resources
2018-01-08 12:59:36,554 [Worker-34] WARN  o.e.m.c.i.embedder.EclipseLogger - Using platform encoding (Cp1252 actually) to copy filtered resources, i.e. build is platform dependent!
2018-01-08 12:59:36,558 [Worker-34] INFO  o.e.m.c.i.embedder.EclipseLogger - Copying 0 resource
2018-01-08 12:59:36,558 [Worker-34] WARN  o.e.m.c.i.embedder.EclipseLogger - Using platform encoding (Cp1252 actually) to copy filtered resources, i.e. build is platform dependent!
2018-01-08 12:59:36,562 [Worker-34] INFO  o.e.m.c.i.embedder.EclipseLogger - skip non existing resourceDirectory C:\Users\Saiprashanthi\workspace7\OnlineDress\src\test\resources
2018-01-08 13:00:05,444 [Worker-49] WARN  o.e.m.c.i.embedder.EclipseLogger - Using platform encoding (Cp1252 actually) to copy filtered resources, i.e. build is platform dependent!
2018-01-08 13:00:05,448 [Worker-49] INFO  o.e.m.c.i.embedder.EclipseLogger - Copying 0 resource
2018-01-08 13:00:05,448 [Worker-49] WARN  o.e.m.c.i.embedder.EclipseLogger - Using platform encoding (Cp1252 actually) to copy filtered resources, i.e. build is platform dependent!
2018-01-08 13:00:05,452 [Worker-49] INFO  o.e.m.c.i.embedder.EclipseLogger - skip non existing resourceDirectory C:\Users\Saiprashanthi\workspace7\OnlineDress\src\test\resources
2018-01-08 13:00:38,770 [Worker-41] WARN  o.e.m.c.i.embedder.EclipseLogger - Using platform encoding (Cp1252 actually) to copy filtered resources, i.e. build is platform dependent!
2018-01-08 13:00:38,770 [Worker-41] INFO  o.e.m.c.i.embedder.EclipseLogger - Copying 0 resource
2018-01-08 13:00:38,774 [Worker-41] WARN  o.e.m.c.i.embedder.EclipseLogger - Using platform encoding (Cp1252 actually) to copy filtered resources, i.e. build is platform dependent!
2018-01-08 13:00:38,774 [Worker-41] INFO  o.e.m.c.i.embedder.EclipseLogger - skip non existing resourceDirectory C:\Users\Saiprashanthi\workspace7\OnlineDress\src\test\resources
2018-01-08 13:00:41,899 [Worker-33] WARN  o.e.m.c.i.embedder.EclipseLogger - Using platform encoding (Cp1252 actually) to copy filtered resources, i.e. build is platform dependent!
2018-01-08 13:00:41,903 [Worker-33] INFO  o.e.m.c.i.embedder.EclipseLogger - Copying 0 resource
2018-01-08 13:00:41,907 [Worker-33] WARN  o.e.m.c.i.embedder.EclipseLogger - Using platform encoding (Cp1252 actually) to copy filtered resources, i.e. build is platform dependent!
2018-01-08 13:00:41,907 [Worker-33] INFO  o.e.m.c.i.embedder.EclipseLogger - skip non existing resourceDirectory C:\Users\Saiprashanthi\workspace7\OnlineDress\src\test\resources
2018-01-08 13:01:10,176 [Worker-49] WARN  o.e.m.c.i.embedder.EclipseLogger - Using platform encoding (Cp1252 actually) to copy filtered resources, i.e. build is platform dependent!
2018-01-08 13:01:10,180 [Worker-49] INFO  o.e.m.c.i.embedder.EclipseLogger - Copying 0 resource
2018-01-08 13:01:10,180 [Worker-49] WARN  o.e.m.c.i.embedder.EclipseLogger - Using platform encoding (Cp1252 actually) to copy filtered resources, i.e. build is platform dependent!
2018-01-08 13:01:10,184 [Worker-49] INFO  o.e.m.c.i.embedder.EclipseLogger - skip non existing resourceDirectory C:\Users\Saiprashanthi\workspace7\OnlineDress\src\test\resources
2018-01-08 13:01:35,549 [Worker-33] WARN  o.e.m.c.i.embedder.EclipseLogger - Using platform encoding (Cp1252 actually) to copy filtered resources, i.e. build is platform dependent!
2018-01-08 13:01:35,549 [Worker-33] INFO  o.e.m.c.i.embedder.EclipseLogger - Copying 0 resource
2018-01-08 13:01:35,549 [Worker-33] WARN  o.e.m.c.i.embedder.EclipseLogger - Using platform encoding (Cp1252 actually) to copy filtered resources, i.e. build is platform dependent!
2018-01-08 13:01:35,553 [Worker-33] INFO  o.e.m.c.i.embedder.EclipseLogger - skip non existing resourceDirectory C:\Users\Saiprashanthi\workspace7\OnlineDress\src\test\resources
2018-01-08 13:02:58,115 [Worker-33] WARN  o.e.m.c.i.embedder.EclipseLogger - Using platform encoding (Cp1252 actually) to copy filtered resources, i.e. build is platform dependent!
2018-01-08 13:02:58,115 [Worker-33] INFO  o.e.m.c.i.embedder.EclipseLogger - Copying 0 resource
2018-01-08 13:02:58,115 [Worker-33] WARN  o.e.m.c.i.embedder.EclipseLogger - Using platform encoding (Cp1252 actually) to copy filtered resources, i.e. build is platform dependent!
2018-01-08 13:02:58,130 [Worker-33] INFO  o.e.m.c.i.embedder.EclipseLogger - skip non existing resourceDirectory C:\Users\Saiprashanthi\workspace7\OnlineDress\src\test\resources
2018-01-08 13:03:12,316 [Worker-33] WARN  o.e.m.c.i.embedder.EclipseLogger - Using platform encoding (Cp1252 actually) to copy filtered resources, i.e. build is platform dependent!
2018-01-08 13:03:12,316 [Worker-33] INFO  o.e.m.c.i.embedder.EclipseLogger - Copying 0 resource
2018-01-08 13:03:12,316 [Worker-33] WARN  o.e.m.c.i.embedder.EclipseLogger - Using platform encoding (Cp1252 actually) to copy filtered resources, i.e. build is platform dependent!
2018-01-08 13:03:12,316 [Worker-33] INFO  o.e.m.c.i.embedder.EclipseLogger - skip non existing resourceDirectory C:\Users\Saiprashanthi\workspace7\OnlineDress\src\test\resources
2018-01-08 13:03:13,367 [Worker-50] WARN  o.e.m.c.i.embedder.EclipseLogger - Using platform encoding (Cp1252 actually) to copy filtered resources, i.e. build is platform dependent!
2018-01-08 13:03:13,383 [Worker-50] INFO  o.e.m.c.i.embedder.EclipseLogger - Copying 0 resource
2018-01-08 13:03:13,383 [Worker-50] WARN  o.e.m.c.i.embedder.EclipseLogger - Using platform encoding (Cp1252 actually) to copy filtered resources, i.e. build is platform dependent!
2018-01-08 13:03:13,383 [Worker-50] INFO  o.e.m.c.i.embedder.EclipseLogger - skip non existing resourceDirectory C:\Users\Saiprashanthi\workspace7\OnlineDress\src\test\resources
2018-01-08 13:03:28,000 [Worker-52] WARN  o.e.m.c.i.embedder.EclipseLogger - Using platform encoding (Cp1252 actually) to copy filtered resources, i.e. build is platform dependent!
2018-01-08 13:03:28,000 [Worker-52] INFO  o.e.m.c.i.embedder.EclipseLogger - Copying 0 resource
2018-01-08 13:03:28,015 [Worker-52] WARN  o.e.m.c.i.embedder.EclipseLogger - Using platform encoding (Cp1252 actually) to copy filtered resources, i.e. build is platform dependent!
2018-01-08 13:03:28,015 [Worker-52] INFO  o.e.m.c.i.embedder.EclipseLogger - skip non existing resourceDirectory C:\Users\Saiprashanthi\workspace7\OnlineDress\src\test\resources
2018-01-08 13:05:12,057 [Worker-48] WARN  o.e.m.c.i.embedder.EclipseLogger - Using platform encoding (Cp1252 actually) to copy filtered resources, i.e. build is platform dependent!
2018-01-08 13:05:12,073 [Worker-48] INFO  o.e.m.c.i.embedder.EclipseLogger - Copying 0 resource
2018-01-08 13:05:12,089 [Worker-48] WARN  o.e.m.c.i.embedder.EclipseLogger - Using platform encoding (Cp1252 actually) to copy filtered resources, i.e. build is platform dependent!
2018-01-08 13:05:12,089 [Worker-48] INFO  o.e.m.c.i.embedder.EclipseLogger - skip non existing resourceDirectory C:\Users\Saiprashanthi\workspace7\OnlineDress\src\test\resources
2018-01-08 13:06:56,790 [Worker-49] WARN  o.e.m.c.i.embedder.EclipseLogger - Using platform encoding (Cp1252 actually) to copy filtered resources, i.e. build is platform dependent!
2018-01-08 13:06:56,806 [Worker-49] INFO  o.e.m.c.i.embedder.EclipseLogger - Copying 0 resource
2018-01-08 13:06:56,806 [Worker-49] WARN  o.e.m.c.i.embedder.EclipseLogger - Using platform encoding (Cp1252 actually) to copy filtered resources, i.e. build is platform dependent!
2018-01-08 13:06:56,806 [Worker-49] INFO  o.e.m.c.i.embedder.EclipseLogger - skip non existing resourceDirectory C:\Users\Saiprashanthi\workspace7\OnlineDress\src\test\resources
2018-01-08 13:09:13,318 [Worker-53] WARN  o.e.m.c.i.embedder.EclipseLogger - Using platform encoding (Cp1252 actually) to copy filtered resources, i.e. build is platform dependent!
2018-01-08 13:09:13,318 [Worker-53] INFO  o.e.m.c.i.embedder.EclipseLogger - Copying 0 resource
2018-01-08 13:09:13,318 [Worker-53] WARN  o.e.m.c.i.embedder.EclipseLogger - Using platform encoding (Cp1252 actually) to copy filtered resources, i.e. build is platform dependent!
2018-01-08 13:09:13,333 [Worker-53] INFO  o.e.m.c.i.embedder.EclipseLogger - skip non existing resourceDirectory C:\Users\Saiprashanthi\workspace7\OnlineDress\src\test\resources
2018-01-08 13:09:23,580 [Worker-33] WARN  o.e.m.c.i.embedder.EclipseLogger - Using platform encoding (Cp1252 actually) to copy filtered resources, i.e. build is platform dependent!
2018-01-08 13:09:23,580 [Worker-33] INFO  o.e.m.c.i.embedder.EclipseLogger - Copying 0 resource
2018-01-08 13:09:23,580 [Worker-33] WARN  o.e.m.c.i.embedder.EclipseLogger - Using platform encoding (Cp1252 actually) to copy filtered resources, i.e. build is platform dependent!
2018-01-08 13:09:23,580 [Worker-33] INFO  o.e.m.c.i.embedder.EclipseLogger - skip non existing resourceDirectory C:\Users\Saiprashanthi\workspace7\OnlineDress\src\test\resources
2018-01-08 13:11:42,506 [Worker-50] WARN  o.e.m.c.i.embedder.EclipseLogger - Using platform encoding (Cp1252 actually) to copy filtered resources, i.e. build is platform dependent!
2018-01-08 13:11:42,511 [Worker-50] INFO  o.e.m.c.i.embedder.EclipseLogger - Copying 0 resource
2018-01-08 13:11:42,513 [Worker-50] WARN  o.e.m.c.i.embedder.EclipseLogger - Using platform encoding (Cp1252 actually) to copy filtered resources, i.e. build is platform dependent!
2018-01-08 13:11:42,514 [Worker-50] INFO  o.e.m.c.i.embedder.EclipseLogger - skip non existing resourceDirectory C:\Users\Saiprashanthi\workspace7\OnlineDress\src\test\resources
2018-01-08 13:11:51,594 [Worker-50] WARN  o.e.m.c.i.embedder.EclipseLogger - Using platform encoding (Cp1252 actually) to copy filtered resources, i.e. build is platform dependent!
2018-01-08 13:11:51,596 [Worker-50] INFO  o.e.m.c.i.embedder.EclipseLogger - Copying 0 resource
2018-01-08 13:11:51,597 [Worker-50] WARN  o.e.m.c.i.embedder.EclipseLogger - Using platform encoding (Cp1252 actually) to copy filtered resources, i.e. build is platform dependent!
2018-01-08 13:11:51,599 [Worker-50] INFO  o.e.m.c.i.embedder.EclipseLogger - skip non existing resourceDirectory C:\Users\Saiprashanthi\workspace7\OnlineDress\src\test\resources
2018-01-08 13:15:27,073 [Worker-33] WARN  o.e.m.c.i.embedder.EclipseLogger - Using platform encoding (Cp1252 actually) to copy filtered resources, i.e. build is platform dependent!
2018-01-08 13:15:27,086 [Worker-33] INFO  o.e.m.c.i.embedder.EclipseLogger - Copying 0 resource
2018-01-08 13:15:27,093 [Worker-33] WARN  o.e.m.c.i.embedder.EclipseLogger - Using platform encoding (Cp1252 actually) to copy filtered resources, i.e. build is platform dependent!
2018-01-08 13:15:27,097 [Worker-33] INFO  o.e.m.c.i.embedder.EclipseLogger - skip non existing resourceDirectory C:\Users\Saiprashanthi\workspace7\OnlineDress\src\test\resources
2018-01-08 13:16:47,348 [Worker-57] WARN  o.e.m.c.i.embedder.EclipseLogger - Using platform encoding (Cp1252 actually) to copy filtered resources, i.e. build is platform dependent!
2018-01-08 13:16:47,348 [Worker-57] INFO  o.e.m.c.i.embedder.EclipseLogger - Copying 0 resource
2018-01-08 13:16:47,348 [Worker-57] WARN  o.e.m.c.i.embedder.EclipseLogger - Using platform encoding (Cp1252 actually) to copy filtered resources, i.e. build is platform dependent!
2018-01-08 13:16:47,348 [Worker-57] INFO  o.e.m.c.i.embedder.EclipseLogger - skip non existing resourceDirectory C:\Users\Saiprashanthi\workspace7\OnlineDress\src\test\resources
2018-01-08 13:20:55,496 [Worker-58] INFO  o.e.m.c.i.l.LifecycleMappingFactory - Using org.maven.ide.eclipse.wtp.WarLifecycleMapping lifecycle mapping for MavenProject: com.niit:OnlineDress:0.0.1-SNAPSHOT @ C:\Users\Saiprashanthi\workspace7\OnlineDress\pom.xml.
2018-01-08 13:20:56,563 [Worker-58] WARN  o.e.m.c.i.embedder.EclipseLogger - Using platform encoding (Cp1252 actually) to copy filtered resources, i.e. build is platform dependent!
2018-01-08 13:20:56,563 [Worker-58] INFO  o.e.m.c.i.embedder.EclipseLogger - Copying 0 resource
2018-01-08 13:20:56,579 [Worker-58] WARN  o.e.m.c.i.embedder.EclipseLogger - Using platform encoding (Cp1252 actually) to copy filtered resources, i.e. build is platform dependent!
2018-01-08 13:20:56,579 [Worker-58] INFO  o.e.m.c.i.embedder.EclipseLogger - skip non existing resourceDirectory C:\Users\Saiprashanthi\workspace7\OnlineDress\src\test\resources
2018-01-08 13:20:56,579 [Worker-58] INFO  o.e.m.w.i.f.ResourceFilteringBuildParticipant - Changed resources require a complete clean of filtered resources of OnlineDress
2018-01-08 13:20:56,579 [Worker-58] INFO  o.e.m.w.i.f.ResourceFilteringBuildParticipant - Executing resource filtering for OnlineDress
2018-01-08 13:20:56,579 [Worker-58] WARN  o.e.m.c.i.embedder.EclipseLogger - Using platform encoding (Cp1252 actually) to copy filtered resources, i.e. build is platform dependent!
2018-01-08 13:20:57,563 [Worker-68] WARN  o.e.m.c.i.embedder.EclipseLogger - Using platform encoding (Cp1252 actually) to copy filtered resources, i.e. build is platform dependent!
2018-01-08 13:20:57,563 [Worker-68] INFO  o.e.m.c.i.embedder.EclipseLogger - Copying 0 resource
2018-01-08 13:20:57,563 [Worker-68] WARN  o.e.m.c.i.embedder.EclipseLogger - Using platform encoding (Cp1252 actually) to copy filtered resources, i.e. build is platform dependent!
2018-01-08 13:20:57,563 [Worker-68] INFO  o.e.m.c.i.embedder.EclipseLogger - skip non existing resourceDirectory C:\Users\Saiprashanthi\workspace7\OnlineDress\src\test\resources
2018-01-08 13:22:17,997 [main] INFO  o.e.m2e.actions.ExecutePomAction - Creating new launch configuration
2018-01-08 13:22:23,910 [Worker-67] INFO  o.e.m.i.launch.MavenLaunchDelegate - C:\Users\Saiprashanthi\workspace7\OnlineDress
2018-01-08 13:22:23,910 [Worker-67] INFO  o.e.m.i.launch.MavenLaunchDelegate -  mvn -B clean install
2018-01-08 13:22:49,840 [Worker-88] WARN  o.e.m.c.i.embedder.EclipseLogger - Using platform encoding (Cp1252 actually) to copy filtered resources, i.e. build is platform dependent!
2018-01-08 13:22:49,840 [Worker-88] INFO  o.e.m.c.i.embedder.EclipseLogger - Copying 0 resource
2018-01-08 13:22:49,840 [Worker-88] WARN  o.e.m.c.i.embedder.EclipseLogger - Using platform encoding (Cp1252 actually) to copy filtered resources, i.e. build is platform dependent!
2018-01-08 13:22:49,840 [Worker-88] INFO  o.e.m.c.i.embedder.EclipseLogger - skip non existing resourceDirectory C:\Users\Saiprashanthi\workspace7\OnlineDress\src\test\resources
2018-01-08 13:25:09,763 [Worker-61] INFO  o.e.m.c.i.l.LifecycleMappingFactory - Using org.eclipse.m2e.jdt.JarLifecycleMapping lifecycle mapping for MavenProject: com.niit:OnlineDress:0.0.1-SNAPSHOT @ C:\Users\Saiprashanthi\workspace7\OnlineDress\pom.xml.
2018-01-08 13:25:10,487 [Worker-61] WARN  o.e.m.c.i.embedder.EclipseLogger - Using platform encoding (Cp1252 actually) to copy filtered resources, i.e. build is platform dependent!
2018-01-08 13:25:10,487 [Worker-61] INFO  o.e.m.c.i.embedder.EclipseLogger - Copying 0 resource
2018-01-08 13:25:10,502 [Worker-61] WARN  o.e.m.c.i.embedder.EclipseLogger - Using platform encoding (Cp1252 actually) to copy filtered resources, i.e. build is platform dependent!
2018-01-08 13:25:10,502 [Worker-61] INFO  o.e.m.c.i.embedder.EclipseLogger - skip non existing resourceDirectory C:\Users\Saiprashanthi\workspace7\OnlineDress\src\test\resources
2018-01-08 13:25:11,984 [Worker-55] WARN  o.e.m.c.i.embedder.EclipseLogger - Using platform encoding (Cp1252 actually) to copy filtered resources, i.e. build is platform dependent!
2018-01-08 13:25:11,999 [Worker-55] INFO  o.e.m.c.i.embedder.EclipseLogger - Copying 0 resource
2018-01-08 13:25:11,999 [Worker-55] WARN  o.e.m.c.i.embedder.EclipseLogger - Using platform encoding (Cp1252 actually) to copy filtered resources, i.e. build is platform dependent!
2018-01-08 13:25:11,999 [Worker-55] INFO  o.e.m.c.i.embedder.EclipseLogger - skip non existing resourceDirectory C:\Users\Saiprashanthi\workspace7\OnlineDress\src\test\resources
2018-01-08 13:25:21,140 [Worker-61] WARN  o.e.m.c.i.embedder.EclipseLogger - Using platform encoding (Cp1252 actually) to copy filtered resources, i.e. build is platform dependent!
2018-01-08 13:25:21,140 [Worker-61] INFO  o.e.m.c.i.embedder.EclipseLogger - Copying 0 resource
2018-01-08 13:25:21,156 [Worker-61] WARN  o.e.m.c.i.embedder.EclipseLogger - Using platform encoding (Cp1252 actually) to copy filtered resources, i.e. build is platform dependent!
2018-01-08 13:25:21,156 [Worker-61] INFO  o.e.m.c.i.embedder.EclipseLogger - skip non existing resourceDirectory C:\Users\Saiprashanthi\workspace7\OnlineDress\src\test\resources
2018-01-08 13:25:28,246 [main] INFO  o.e.m2e.actions.ExecutePomAction - Creating new launch configuration
2018-01-08 13:25:34,130 [Worker-92] INFO  o.e.m.i.launch.MavenLaunchDelegate - C:\Users\Saiprashanthi\workspace7\OnlineDress
2018-01-08 13:25:34,130 [Worker-92] INFO  o.e.m.i.launch.MavenLaunchDelegate -  mvn -B clean install
2018-01-08 13:26:11,786 [Worker-91] WARN  o.e.m.c.i.embedder.EclipseLogger - Using platform encoding (Cp1252 actually) to copy filtered resources, i.e. build is platform dependent!
2018-01-08 13:26:11,786 [Worker-91] INFO  o.e.m.c.i.embedder.EclipseLogger - Copying 0 resource
2018-01-08 13:26:11,786 [Worker-91] WARN  o.e.m.c.i.embedder.EclipseLogger - Using platform encoding (Cp1252 actually) to copy filtered resources, i.e. build is platform dependent!
2018-01-08 13:26:11,802 [Worker-91] INFO  o.e.m.c.i.embedder.EclipseLogger - skip non existing resourceDirectory C:\Users\Saiprashanthi\workspace7\OnlineDress\src\test\resources
2018-01-08 13:26:17,376 [Worker-94] WARN  o.e.m.c.i.embedder.EclipseLogger - Using platform encoding (Cp1252 actually) to copy filtered resources, i.e. build is platform dependent!
2018-01-08 13:26:17,376 [Worker-94] INFO  o.e.m.c.i.embedder.EclipseLogger - Copying 0 resource
2018-01-08 13:26:17,376 [Worker-94] WARN  o.e.m.c.i.embedder.EclipseLogger - Using platform encoding (Cp1252 actually) to copy filtered resources, i.e. build is platform dependent!
2018-01-08 13:26:17,376 [Worker-94] INFO  o.e.m.c.i.embedder.EclipseLogger - skip non existing resourceDirectory C:\Users\Saiprashanthi\workspace7\OnlineDress\src\test\resources
2018-01-08 13:26:49,815 [Worker-98] WARN  o.e.m.c.i.embedder.EclipseLogger - Using platform encoding (Cp1252 actually) to copy filtered resources, i.e. build is platform dependent!
2018-01-08 13:26:49,815 [Worker-98] INFO  o.e.m.c.i.embedder.EclipseLogger - Copying 0 resource
2018-01-08 13:26:49,815 [Worker-98] WARN  o.e.m.c.i.embedder.EclipseLogger - Using platform encoding (Cp1252 actually) to copy filtered resources, i.e. build is platform dependent!
2018-01-08 13:26:49,815 [Worker-98] INFO  o.e.m.c.i.embedder.EclipseLogger - skip non existing resourceDirectory C:\Users\Saiprashanthi\workspace7\OnlineDress\src\test\resources
2018-01-08 13:27:58,080 [Worker-94] WARN  o.e.m.c.i.embedder.EclipseLogger - Using platform encoding (Cp1252 actually) to copy filtered resources, i.e. build is platform dependent!
2018-01-08 13:27:58,080 [Worker-94] INFO  o.e.m.c.i.embedder.EclipseLogger - Copying 0 resource
2018-01-08 13:27:58,080 [Worker-94] WARN  o.e.m.c.i.embedder.EclipseLogger - Using platform encoding (Cp1252 actually) to copy filtered resources, i.e. build is platform dependent!
2018-01-08 13:27:58,080 [Worker-94] INFO  o.e.m.c.i.embedder.EclipseLogger - skip non existing resourceDirectory C:\Users\Saiprashanthi\workspace7\OnlineDress\src\test\resources
2018-01-08 13:28:11,454 [Worker-93] WARN  o.e.m.c.i.embedder.EclipseLogger - Using platform encoding (Cp1252 actually) to copy filtered resources, i.e. build is platform dependent!
2018-01-08 13:28:11,454 [Worker-93] INFO  o.e.m.c.i.embedder.EclipseLogger - Copying 0 resource
2018-01-08 13:28:11,470 [Worker-93] WARN  o.e.m.c.i.embedder.EclipseLogger - Using platform encoding (Cp1252 actually) to copy filtered resources, i.e. build is platform dependent!
2018-01-08 13:28:11,470 [Worker-93] INFO  o.e.m.c.i.embedder.EclipseLogger - skip non existing resourceDirectory C:\Users\Saiprashanthi\workspace7\OnlineDress\src\test\resources
2018-01-08 13:42:05,542 [Worker-101] WARN  o.e.m.c.i.embedder.EclipseLogger - Using platform encoding (Cp1252 actually) to copy filtered resources, i.e. build is platform dependent!
2018-01-08 13:42:05,542 [Worker-101] INFO  o.e.m.c.i.embedder.EclipseLogger - Copying 0 resource
2018-01-08 13:42:05,542 [Worker-101] WARN  o.e.m.c.i.embedder.EclipseLogger - Using platform encoding (Cp1252 actually) to copy filtered resources, i.e. build is platform dependent!
2018-01-08 13:42:05,546 [Worker-101] INFO  o.e.m.c.i.embedder.EclipseLogger - skip non existing resourceDirectory C:\Users\Saiprashanthi\workspace7\OnlineDress\src\test\resources
2018-01-08 13:50:21,534 [Worker-105] INFO  o.e.m.c.i.l.LifecycleMappingFactory - Using org.maven.ide.eclipse.wtp.WarLifecycleMapping lifecycle mapping for MavenProject: com.niit:OnlineDress:1.0 @ C:\Users\Saiprashanthi\workspace7\OnlineDress\pom.xml.
2018-01-08 13:50:27,446 [Worker-105] INFO  o.e.m.c.i.e.AbstractTransferListenerAdapter - Downloaded https://repo.maven.apache.org/maven2/com/h2database/h2/1.4.195/h2-1.4.195.pom
2018-01-08 13:50:27,461 [Worker-105] INFO  o.e.m.c.i.e.AbstractTransferListenerAdapter - Downloaded https://repo.maven.apache.org/maven2/org/apache/commons/commons-dbcp2/2.1.1/commons-dbcp2-2.1.1.pom
2018-01-08 13:50:27,961 [Worker-105] INFO  o.e.m.c.i.e.AbstractTransferListenerAdapter - Downloaded https://repo.maven.apache.org/maven2/com/h2database/h2/1.4.195/h2-1.4.195.jar
2018-01-08 13:50:27,961 [Worker-105] INFO  o.e.m.c.i.e.AbstractTransferListenerAdapter - Downloaded https://repo.maven.apache.org/maven2/org/apache/commons/commons-dbcp2/2.1.1/commons-dbcp2-2.1.1.jar
2018-01-08 13:50:28,316 [Worker-105] WARN  o.e.m.c.i.embedder.EclipseLogger - Using platform encoding (Cp1252 actually) to copy filtered resources, i.e. build is platform dependent!
2018-01-08 13:50:28,320 [Worker-105] INFO  o.e.m.c.i.embedder.EclipseLogger - Copying 0 resource
2018-01-08 13:50:28,321 [Worker-105] WARN  o.e.m.c.i.embedder.EclipseLogger - Using platform encoding (Cp1252 actually) to copy filtered resources, i.e. build is platform dependent!
2018-01-08 13:50:28,321 [Worker-105] INFO  o.e.m.c.i.embedder.EclipseLogger - skip non existing resourceDirectory C:\Users\Saiprashanthi\workspace7\OnlineDress\src\test\resources
2018-01-08 13:50:28,321 [Worker-105] INFO  o.e.m.w.i.f.ResourceFilteringBuildParticipant - Changed resources require a complete clean of filtered resources of OnlineDress
2018-01-08 13:50:28,321 [Worker-105] INFO  o.e.m.w.i.f.ResourceFilteringBuildParticipant - Executing resource filtering for OnlineDress
2018-01-08 13:50:28,321 [Worker-105] WARN  o.e.m.c.i.embedder.EclipseLogger - Using platform encoding (Cp1252 actually) to copy filtered resources, i.e. build is platform dependent!
2018-01-08 13:50:29,170 [Worker-105] WARN  o.e.m.c.i.embedder.EclipseLogger - Using platform encoding (Cp1252 actually) to copy filtered resources, i.e. build is platform dependent!
2018-01-08 13:50:29,170 [Worker-105] INFO  o.e.m.c.i.embedder.EclipseLogger - Copying 0 resource
2018-01-08 13:50:29,170 [Worker-105] WARN  o.e.m.c.i.embedder.EclipseLogger - Using platform encoding (Cp1252 actually) to copy filtered resources, i.e. build is platform dependent!
2018-01-08 13:50:29,170 [Worker-105] INFO  o.e.m.c.i.embedder.EclipseLogger - skip non existing resourceDirectory C:\Users\Saiprashanthi\workspace7\OnlineDress\src\test\resources
2018-01-08 14:01:22,714 [Worker-113] WARN  o.e.m.c.i.embedder.EclipseLogger - Using platform encoding (Cp1252 actually) to copy filtered resources, i.e. build is platform dependent!
2018-01-08 14:01:22,729 [Worker-113] INFO  o.e.m.c.i.embedder.EclipseLogger - Copying 0 resource
2018-01-08 14:01:22,729 [Worker-113] WARN  o.e.m.c.i.embedder.EclipseLogger - Using platform encoding (Cp1252 actually) to copy filtered resources, i.e. build is platform dependent!
2018-01-08 14:01:22,729 [Worker-113] INFO  o.e.m.c.i.embedder.EclipseLogger - skip non existing resourceDirectory C:\Users\Saiprashanthi\workspace7\OnlineDress\src\test\resources
2018-01-08 14:06:18,586 [Worker-116] WARN  o.e.m.c.i.embedder.EclipseLogger - Using platform encoding (Cp1252 actually) to copy filtered resources, i.e. build is platform dependent!
2018-01-08 14:06:18,586 [Worker-116] INFO  o.e.m.c.i.embedder.EclipseLogger - Copying 0 resource
2018-01-08 14:06:18,586 [Worker-116] WARN  o.e.m.c.i.embedder.EclipseLogger - Using platform encoding (Cp1252 actually) to copy filtered resources, i.e. build is platform dependent!
2018-01-08 14:06:18,586 [Worker-116] INFO  o.e.m.c.i.embedder.EclipseLogger - skip non existing resourceDirectory C:\Users\Saiprashanthi\workspace7\OnlineDress\src\test\resources
2018-01-08 14:14:53,273 [Worker-120] INFO  o.e.m.c.i.l.LifecycleMappingFactory - Using org.maven.ide.eclipse.wtp.WarLifecycleMapping lifecycle mapping for MavenProject: com.niit:OnlineDress:1.0 @ C:\Users\Saiprashanthi\workspace7\OnlineDress\pom.xml.
2018-01-08 14:14:54,179 [Worker-120] WARN  o.e.m.c.i.embedder.EclipseLogger - Using platform encoding (Cp1252 actually) to copy filtered resources, i.e. build is platform dependent!
2018-01-08 14:14:54,179 [Worker-120] INFO  o.e.m.c.i.embedder.EclipseLogger - Copying 0 resource
2018-01-08 14:14:54,179 [Worker-120] WARN  o.e.m.c.i.embedder.EclipseLogger - Using platform encoding (Cp1252 actually) to copy filtered resources, i.e. build is platform dependent!
2018-01-08 14:14:54,179 [Worker-120] INFO  o.e.m.c.i.embedder.EclipseLogger - skip non existing resourceDirectory C:\Users\Saiprashanthi\workspace7\OnlineDress\src\test\resources
2018-01-08 14:14:54,195 [Worker-120] INFO  o.e.m.w.i.f.ResourceFilteringBuildParticipant - Changed resources require a complete clean of filtered resources of OnlineDress
2018-01-08 14:14:54,195 [Worker-120] INFO  o.e.m.w.i.f.ResourceFilteringBuildParticipant - Executing resource filtering for OnlineDress
2018-01-08 14:14:54,195 [Worker-120] WARN  o.e.m.c.i.embedder.EclipseLogger - Using platform encoding (Cp1252 actually) to copy filtered resources, i.e. build is platform dependent!
2018-01-08 14:14:55,382 [Worker-122] WARN  o.e.m.c.i.embedder.EclipseLogger - Using platform encoding (Cp1252 actually) to copy filtered resources, i.e. build is platform dependent!
2018-01-08 14:14:55,382 [Worker-122] INFO  o.e.m.c.i.embedder.EclipseLogger - Copying 0 resource
2018-01-08 14:14:55,382 [Worker-122] WARN  o.e.m.c.i.embedder.EclipseLogger - Using platform encoding (Cp1252 actually) to copy filtered resources, i.e. build is platform dependent!
2018-01-08 14:14:55,382 [Worker-122] INFO  o.e.m.c.i.embedder.EclipseLogger - skip non existing resourceDirectory C:\Users\Saiprashanthi\workspace7\OnlineDress\src\test\resources
2018-01-08 14:15:21,320 [Worker-121] INFO  o.e.m.c.i.l.LifecycleMappingFactory - Using org.maven.ide.eclipse.wtp.WarLifecycleMapping lifecycle mapping for MavenProject: com.niit:OnlineDress:0.0.1-SNAPSHOT @ C:\Users\Saiprashanthi\workspace7\OnlineDress\pom.xml.
2018-01-08 14:15:22,106 [Worker-121] WARN  o.e.m.c.i.embedder.EclipseLogger - Using platform encoding (Cp1252 actually) to copy filtered resources, i.e. build is platform dependent!
2018-01-08 14:15:22,106 [Worker-121] INFO  o.e.m.c.i.embedder.EclipseLogger - Copying 0 resource
2018-01-08 14:15:22,106 [Worker-121] WARN  o.e.m.c.i.embedder.EclipseLogger - Using platform encoding (Cp1252 actually) to copy filtered resources, i.e. build is platform dependent!
2018-01-08 14:15:22,106 [Worker-121] INFO  o.e.m.c.i.embedder.EclipseLogger - skip non existing resourceDirectory C:\Users\Saiprashanthi\workspace7\OnlineDress\src\test\resources
2018-01-08 14:15:22,106 [Worker-121] INFO  o.e.m.w.i.f.ResourceFilteringBuildParticipant - Changed resources require a complete clean of filtered resources of OnlineDress
2018-01-08 14:15:22,106 [Worker-121] INFO  o.e.m.w.i.f.ResourceFilteringBuildParticipant - Executing resource filtering for OnlineDress
2018-01-08 14:15:22,106 [Worker-121] WARN  o.e.m.c.i.embedder.EclipseLogger - Using platform encoding (Cp1252 actually) to copy filtered resources, i.e. build is platform dependent!
2018-01-08 14:15:23,372 [Worker-120] WARN  o.e.m.c.i.embedder.EclipseLogger - Using platform encoding (Cp1252 actually) to copy filtered resources, i.e. build is platform dependent!
2018-01-08 14:15:23,372 [Worker-120] INFO  o.e.m.c.i.embedder.EclipseLogger - Copying 0 resource
2018-01-08 14:15:23,388 [Worker-120] WARN  o.e.m.c.i.embedder.EclipseLogger - Using platform encoding (Cp1252 actually) to copy filtered resources, i.e. build is platform dependent!
2018-01-08 14:15:23,388 [Worker-120] INFO  o.e.m.c.i.embedder.EclipseLogger - skip non existing resourceDirectory C:\Users\Saiprashanthi\workspace7\OnlineDress\src\test\resources
2018-01-08 14:19:54,303 [Worker-128] WARN  o.e.m.c.i.embedder.EclipseLogger - Using platform encoding (Cp1252 actually) to copy filtered resources, i.e. build is platform dependent!
2018-01-08 14:19:54,322 [Worker-128] INFO  o.e.m.c.i.embedder.EclipseLogger - Copying 0 resource
2018-01-08 14:19:54,322 [Worker-128] WARN  o.e.m.c.i.embedder.EclipseLogger - Using platform encoding (Cp1252 actually) to copy filtered resources, i.e. build is platform dependent!
2018-01-08 14:19:54,322 [Worker-128] INFO  o.e.m.c.i.embedder.EclipseLogger - skip non existing resourceDirectory C:\Users\Saiprashanthi\workspace7\OnlineDress\src\test\resources
2018-01-08 14:24:42,428 [Worker-128] WARN  o.e.m.c.i.embedder.EclipseLogger - Using platform encoding (Cp1252 actually) to copy filtered resources, i.e. build is platform dependent!
2018-01-08 14:24:42,443 [Worker-128] INFO  o.e.m.c.i.embedder.EclipseLogger - Copying 0 resource
2018-01-08 14:24:42,443 [Worker-128] WARN  o.e.m.c.i.embedder.EclipseLogger - Using platform encoding (Cp1252 actually) to copy filtered resources, i.e. build is platform dependent!
2018-01-08 14:24:42,443 [Worker-128] INFO  o.e.m.c.i.embedder.EclipseLogger - skip non existing resourceDirectory C:\Users\Saiprashanthi\workspace7\OnlineDress\src\test\resources
2018-01-08 14:25:14,426 [Worker-121] WARN  o.e.m.c.i.embedder.EclipseLogger - Using platform encoding (Cp1252 actually) to copy filtered resources, i.e. build is platform dependent!
2018-01-08 14:25:14,442 [Worker-121] INFO  o.e.m.c.i.embedder.EclipseLogger - Copying 0 resource
2018-01-08 14:25:14,442 [Worker-121] WARN  o.e.m.c.i.embedder.EclipseLogger - Using platform encoding (Cp1252 actually) to copy filtered resources, i.e. build is platform dependent!
2018-01-08 14:25:14,442 [Worker-121] INFO  o.e.m.c.i.embedder.EclipseLogger - skip non existing resourceDirectory C:\Users\Saiprashanthi\workspace7\OnlineDress\src\test\resources
2018-01-08 14:26:30,585 [Worker-132] WARN  o.e.m.c.i.embedder.EclipseLogger - Using platform encoding (Cp1252 actually) to copy filtered resources, i.e. build is platform dependent!
2018-01-08 14:26:30,585 [Worker-132] INFO  o.e.m.c.i.embedder.EclipseLogger - Copying 0 resource
2018-01-08 14:26:30,585 [Worker-132] WARN  o.e.m.c.i.embedder.EclipseLogger - Using platform encoding (Cp1252 actually) to copy filtered resources, i.e. build is platform dependent!
2018-01-08 14:26:30,585 [Worker-132] INFO  o.e.m.c.i.embedder.EclipseLogger - skip non existing resourceDirectory C:\Users\Saiprashanthi\workspace7\OnlineDress\src\test\resources
2018-01-08 14:30:26,329 [Worker-134] WARN  o.e.m.c.i.embedder.EclipseLogger - Using platform encoding (Cp1252 actually) to copy filtered resources, i.e. build is platform dependent!
2018-01-08 14:30:26,329 [Worker-134] INFO  o.e.m.c.i.embedder.EclipseLogger - Copying 0 resource
2018-01-08 14:30:26,329 [Worker-134] WARN  o.e.m.c.i.embedder.EclipseLogger - Using platform encoding (Cp1252 actually) to copy filtered resources, i.e. build is platform dependent!
2018-01-08 14:30:26,329 [Worker-134] INFO  o.e.m.c.i.embedder.EclipseLogger - skip non existing resourceDirectory C:\Users\Saiprashanthi\workspace7\OnlineDress\src\test\resources
2018-01-08 14:32:00,732 [Worker-135] WARN  o.e.m.c.i.embedder.EclipseLogger - Using platform encoding (Cp1252 actually) to copy filtered resources, i.e. build is platform dependent!
2018-01-08 14:32:00,732 [Worker-135] INFO  o.e.m.c.i.embedder.EclipseLogger - Copying 0 resource
2018-01-08 14:32:00,732 [Worker-135] WARN  o.e.m.c.i.embedder.EclipseLogger - Using platform encoding (Cp1252 actually) to copy filtered resources, i.e. build is platform dependent!
2018-01-08 14:32:00,732 [Worker-135] INFO  o.e.m.c.i.embedder.EclipseLogger - skip non existing resourceDirectory C:\Users\Saiprashanthi\workspace7\OnlineDress\src\test\resources
2018-01-08 14:32:31,233 [Worker-128] WARN  o.e.m.c.i.embedder.EclipseLogger - Using platform encoding (Cp1252 actually) to copy filtered resources, i.e. build is platform dependent!
2018-01-08 14:32:31,248 [Worker-128] INFO  o.e.m.c.i.embedder.EclipseLogger - Copying 0 resource
2018-01-08 14:32:31,248 [Worker-128] WARN  o.e.m.c.i.embedder.EclipseLogger - Using platform encoding (Cp1252 actually) to copy filtered resources, i.e. build is platform dependent!
2018-01-08 14:32:31,248 [Worker-128] INFO  o.e.m.c.i.embedder.EclipseLogger - skip non existing resourceDirectory C:\Users\Saiprashanthi\workspace7\OnlineDress\src\test\resources
2018-01-08 14:36:03,340 [Worker-137] WARN  o.e.m.c.i.embedder.EclipseLogger - Using platform encoding (Cp1252 actually) to copy filtered resources, i.e. build is platform dependent!
2018-01-08 14:36:03,356 [Worker-137] INFO  o.e.m.c.i.embedder.EclipseLogger - Copying 0 resource
2018-01-08 14:36:03,356 [Worker-137] WARN  o.e.m.c.i.embedder.EclipseLogger - Using platform encoding (Cp1252 actually) to copy filtered resources, i.e. build is platform dependent!
2018-01-08 14:36:03,356 [Worker-137] INFO  o.e.m.c.i.embedder.EclipseLogger - skip non existing resourceDirectory C:\Users\Saiprashanthi\workspace7\OnlineDress\src\test\resources
2018-01-08 14:37:34,917 [Worker-123] WARN  o.e.m.c.i.embedder.EclipseLogger - Using platform encoding (Cp1252 actually) to copy filtered resources, i.e. build is platform dependent!
2018-01-08 14:37:34,933 [Worker-123] INFO  o.e.m.c.i.embedder.EclipseLogger - Copying 0 resource
2018-01-08 14:37:34,933 [Worker-123] WARN  o.e.m.c.i.embedder.EclipseLogger - Using platform encoding (Cp1252 actually) to copy filtered resources, i.e. build is platform dependent!
2018-01-08 14:37:34,933 [Worker-123] INFO  o.e.m.c.i.embedder.EclipseLogger - skip non existing resourceDirectory C:\Users\Saiprashanthi\workspace7\OnlineDress\src\test\resources
2018-01-08 14:37:44,507 [Worker-137] WARN  o.e.m.c.i.embedder.EclipseLogger - Using platform encoding (Cp1252 actually) to copy filtered resources, i.e. build is platform dependent!
2018-01-08 14:37:44,507 [Worker-137] INFO  o.e.m.c.i.embedder.EclipseLogger - Copying 0 resource
2018-01-08 14:37:44,507 [Worker-137] WARN  o.e.m.c.i.embedder.EclipseLogger - Using platform encoding (Cp1252 actually) to copy filtered resources, i.e. build is platform dependent!
2018-01-08 14:37:44,507 [Worker-137] INFO  o.e.m.c.i.embedder.EclipseLogger - skip non existing resourceDirectory C:\Users\Saiprashanthi\workspace7\OnlineDress\src\test\resources
2018-01-08 14:38:04,314 [Worker-136] WARN  o.e.m.c.i.embedder.EclipseLogger - Using platform encoding (Cp1252 actually) to copy filtered resources, i.e. build is platform dependent!
2018-01-08 14:38:04,314 [Worker-136] INFO  o.e.m.c.i.embedder.EclipseLogger - Copying 0 resource
2018-01-08 14:38:04,314 [Worker-136] WARN  o.e.m.c.i.embedder.EclipseLogger - Using platform encoding (Cp1252 actually) to copy filtered resources, i.e. build is platform dependent!
2018-01-08 14:38:04,314 [Worker-136] INFO  o.e.m.c.i.embedder.EclipseLogger - skip non existing resourceDirectory C:\Users\Saiprashanthi\workspace7\OnlineDress\src\test\resources
2018-01-08 14:39:32,638 [Worker-128] WARN  o.e.m.c.i.embedder.EclipseLogger - Using platform encoding (Cp1252 actually) to copy filtered resources, i.e. build is platform dependent!
2018-01-08 14:39:32,654 [Worker-128] INFO  o.e.m.c.i.embedder.EclipseLogger - Copying 0 resource
2018-01-08 14:39:32,654 [Worker-128] WARN  o.e.m.c.i.embedder.EclipseLogger - Using platform encoding (Cp1252 actually) to copy filtered resources, i.e. build is platform dependent!
2018-01-08 14:39:32,654 [Worker-128] INFO  o.e.m.c.i.embedder.EclipseLogger - skip non existing resourceDirectory C:\Users\Saiprashanthi\workspace7\OnlineDress\src\test\resources
2018-01-08 14:39:43,130 [Worker-128] WARN  o.e.m.c.i.embedder.EclipseLogger - Using platform encoding (Cp1252 actually) to copy filtered resources, i.e. build is platform dependent!
2018-01-08 14:39:43,146 [Worker-128] INFO  o.e.m.c.i.embedder.EclipseLogger - Copying 0 resource
2018-01-08 14:39:43,146 [Worker-128] WARN  o.e.m.c.i.embedder.EclipseLogger - Using platform encoding (Cp1252 actually) to copy filtered resources, i.e. build is platform dependent!
2018-01-08 14:39:43,146 [Worker-128] INFO  o.e.m.c.i.embedder.EclipseLogger - skip non existing resourceDirectory C:\Users\Saiprashanthi\workspace7\OnlineDress\src\test\resources
2018-01-08 14:40:57,264 [Worker-136] WARN  o.e.m.c.i.embedder.EclipseLogger - Using platform encoding (Cp1252 actually) to copy filtered resources, i.e. build is platform dependent!
2018-01-08 14:40:57,280 [Worker-136] INFO  o.e.m.c.i.embedder.EclipseLogger - Copying 0 resource
2018-01-08 14:40:57,280 [Worker-136] WARN  o.e.m.c.i.embedder.EclipseLogger - Using platform encoding (Cp1252 actually) to copy filtered resources, i.e. build is platform dependent!
2018-01-08 14:40:57,280 [Worker-136] INFO  o.e.m.c.i.embedder.EclipseLogger - skip non existing resourceDirectory C:\Users\Saiprashanthi\workspace7\OnlineDress\src\test\resources
2018-01-08 14:41:20,237 [Worker-136] WARN  o.e.m.c.i.embedder.EclipseLogger - Using platform encoding (Cp1252 actually) to copy filtered resources, i.e. build is platform dependent!
2018-01-08 14:41:20,237 [Worker-136] INFO  o.e.m.c.i.embedder.EclipseLogger - Copying 0 resource
2018-01-08 14:41:20,237 [Worker-136] WARN  o.e.m.c.i.embedder.EclipseLogger - Using platform encoding (Cp1252 actually) to copy filtered resources, i.e. build is platform dependent!
2018-01-08 14:41:20,253 [Worker-136] INFO  o.e.m.c.i.embedder.EclipseLogger - skip non existing resourceDirectory C:\Users\Saiprashanthi\workspace7\OnlineDress\src\test\resources
2018-01-08 14:41:33,627 [Worker-137] WARN  o.e.m.c.i.embedder.EclipseLogger - Using platform encoding (Cp1252 actually) to copy filtered resources, i.e. build is platform dependent!
2018-01-08 14:41:33,631 [Worker-137] INFO  o.e.m.c.i.embedder.EclipseLogger - Copying 0 resource
2018-01-08 14:41:33,631 [Worker-137] WARN  o.e.m.c.i.embedder.EclipseLogger - Using platform encoding (Cp1252 actually) to copy filtered resources, i.e. build is platform dependent!
2018-01-08 14:41:33,631 [Worker-137] INFO  o.e.m.c.i.embedder.EclipseLogger - skip non existing resourceDirectory C:\Users\Saiprashanthi\workspace7\OnlineDress\src\test\resources
2018-01-08 14:42:15,852 [Worker-137] WARN  o.e.m.c.i.embedder.EclipseLogger - Using platform encoding (Cp1252 actually) to copy filtered resources, i.e. build is platform dependent!
2018-01-08 14:42:15,852 [Worker-137] INFO  o.e.m.c.i.embedder.EclipseLogger - Copying 0 resource
2018-01-08 14:42:15,867 [Worker-137] WARN  o.e.m.c.i.embedder.EclipseLogger - Using platform encoding (Cp1252 actually) to copy filtered resources, i.e. build is platform dependent!
2018-01-08 14:42:15,867 [Worker-137] INFO  o.e.m.c.i.embedder.EclipseLogger - skip non existing resourceDirectory C:\Users\Saiprashanthi\workspace7\OnlineDress\src\test\resources
2018-01-08 14:45:29,982 [Worker-132] WARN  o.e.m.c.i.embedder.EclipseLogger - Using platform encoding (Cp1252 actually) to copy filtered resources, i.e. build is platform dependent!
2018-01-08 14:45:29,982 [Worker-132] INFO  o.e.m.c.i.embedder.EclipseLogger - Copying 0 resource
2018-01-08 14:45:29,982 [Worker-132] WARN  o.e.m.c.i.embedder.EclipseLogger - Using platform encoding (Cp1252 actually) to copy filtered resources, i.e. build is platform dependent!
2018-01-08 14:45:29,982 [Worker-132] INFO  o.e.m.c.i.embedder.EclipseLogger - skip non existing resourceDirectory C:\Users\Saiprashanthi\workspace7\OnlineDress\src\test\resources
2018-01-08 14:48:25,820 [Worker-136] WARN  o.e.m.c.i.embedder.EclipseLogger - Using platform encoding (Cp1252 actually) to copy filtered resources, i.e. build is platform dependent!
2018-01-08 14:48:25,820 [Worker-136] INFO  o.e.m.c.i.embedder.EclipseLogger - Copying 0 resource
2018-01-08 14:48:25,820 [Worker-136] WARN  o.e.m.c.i.embedder.EclipseLogger - Using platform encoding (Cp1252 actually) to copy filtered resources, i.e. build is platform dependent!
2018-01-08 14:48:25,820 [Worker-136] INFO  o.e.m.c.i.embedder.EclipseLogger - skip non existing resourceDirectory C:\Users\Saiprashanthi\workspace7\OnlineDress\src\test\resources
2018-01-08 14:48:33,032 [Worker-137] WARN  o.e.m.c.i.embedder.EclipseLogger - Using platform encoding (Cp1252 actually) to copy filtered resources, i.e. build is platform dependent!
2018-01-08 14:48:33,032 [Worker-137] INFO  o.e.m.c.i.embedder.EclipseLogger - Copying 0 resource
2018-01-08 14:48:33,032 [Worker-137] WARN  o.e.m.c.i.embedder.EclipseLogger - Using platform encoding (Cp1252 actually) to copy filtered resources, i.e. build is platform dependent!
2018-01-08 14:48:33,032 [Worker-137] INFO  o.e.m.c.i.embedder.EclipseLogger - skip non existing resourceDirectory C:\Users\Saiprashanthi\workspace7\OnlineDress\src\test\resources
2018-01-08 14:50:21,133 [Worker-136] WARN  o.e.m.c.i.embedder.EclipseLogger - Using platform encoding (Cp1252 actually) to copy filtered resources, i.e. build is platform dependent!
2018-01-08 14:50:21,133 [Worker-136] INFO  o.e.m.c.i.embedder.EclipseLogger - Copying 0 resource
2018-01-08 14:50:21,133 [Worker-136] WARN  o.e.m.c.i.embedder.EclipseLogger - Using platform encoding (Cp1252 actually) to copy filtered resources, i.e. build is platform dependent!
2018-01-08 14:50:21,133 [Worker-136] INFO  o.e.m.c.i.embedder.EclipseLogger - skip non existing resourceDirectory C:\Users\Saiprashanthi\workspace7\OnlineDress\src\test\resources
2018-01-08 14:52:20,428 [Worker-136] INFO  o.e.m.c.i.l.LifecycleMappingFactory - Using org.maven.ide.eclipse.wtp.WarLifecycleMapping lifecycle mapping for MavenProject: com.niit:OnlineDress:1.0 @ C:\Users\Saiprashanthi\workspace7\OnlineDress\pom.xml.
2018-01-08 14:52:21,343 [Worker-136] WARN  o.e.m.c.i.embedder.EclipseLogger - Using platform encoding (Cp1252 actually) to copy filtered resources, i.e. build is platform dependent!
2018-01-08 14:52:21,343 [Worker-136] INFO  o.e.m.c.i.embedder.EclipseLogger - Copying 0 resource
2018-01-08 14:52:21,359 [Worker-136] WARN  o.e.m.c.i.embedder.EclipseLogger - Using platform encoding (Cp1252 actually) to copy filtered resources, i.e. build is platform dependent!
2018-01-08 14:52:21,359 [Worker-136] INFO  o.e.m.c.i.embedder.EclipseLogger - skip non existing resourceDirectory C:\Users\Saiprashanthi\workspace7\OnlineDress\src\test\resources
2018-01-08 14:52:21,359 [Worker-136] INFO  o.e.m.w.i.f.ResourceFilteringBuildParticipant - Changed resources require a complete clean of filtered resources of OnlineDress
2018-01-08 14:52:21,359 [Worker-136] INFO  o.e.m.w.i.f.ResourceFilteringBuildParticipant - Executing resource filtering for OnlineDress
2018-01-08 14:52:21,359 [Worker-136] WARN  o.e.m.c.i.embedder.EclipseLogger - Using platform encoding (Cp1252 actually) to copy filtered resources, i.e. build is platform dependent!
2018-01-08 14:52:23,533 [Worker-136] WARN  o.e.m.c.i.embedder.EclipseLogger - Using platform encoding (Cp1252 actually) to copy filtered resources, i.e. build is platform dependent!
2018-01-08 14:52:23,533 [Worker-136] INFO  o.e.m.c.i.embedder.EclipseLogger - Copying 0 resource
2018-01-08 14:52:23,533 [Worker-136] WARN  o.e.m.c.i.embedder.EclipseLogger - Using platform encoding (Cp1252 actually) to copy filtered resources, i.e. build is platform dependent!
2018-01-08 14:52:23,533 [Worker-136] INFO  o.e.m.c.i.embedder.EclipseLogger - skip non existing resourceDirectory C:\Users\Saiprashanthi\workspace7\OnlineDress\src\test\resources
2018-01-08 14:58:20,158 [Worker-144] INFO  o.e.m.c.i.l.LifecycleMappingFactory - Using org.maven.ide.eclipse.wtp.WarLifecycleMapping lifecycle mapping for MavenProject: com.niit:OnlineDress:1.0 @ C:\Users\Saiprashanthi\workspace7\OnlineDress\pom.xml.
2018-01-08 14:58:20,940 [Worker-144] WARN  o.e.m.c.i.embedder.EclipseLogger - Using platform encoding (Cp1252 actually) to copy filtered resources, i.e. build is platform dependent!
2018-01-08 14:58:20,940 [Worker-144] INFO  o.e.m.c.i.embedder.EclipseLogger - Copying 0 resource
2018-01-08 14:58:20,940 [Worker-144] WARN  o.e.m.c.i.embedder.EclipseLogger - Using platform encoding (Cp1252 actually) to copy filtered resources, i.e. build is platform dependent!
2018-01-08 14:58:20,940 [Worker-144] INFO  o.e.m.c.i.embedder.EclipseLogger - skip non existing resourceDirectory C:\Users\Saiprashanthi\workspace7\OnlineDress\src\test\resources
2018-01-08 14:58:20,940 [Worker-144] INFO  o.e.m.w.i.f.ResourceFilteringBuildParticipant - Changed resources require a complete clean of filtered resources of OnlineDress
2018-01-08 14:58:20,940 [Worker-144] INFO  o.e.m.w.i.f.ResourceFilteringBuildParticipant - Executing resource filtering for OnlineDress
2018-01-08 14:58:20,940 [Worker-144] WARN  o.e.m.c.i.embedder.EclipseLogger - Using platform encoding (Cp1252 actually) to copy filtered resources, i.e. build is platform dependent!
2018-01-08 14:59:46,455 [Worker-142] INFO  o.e.m.c.i.p.ProjectConfigurationManager - Update started
2018-01-08 14:59:46,596 [Worker-142] INFO  o.e.m.c.i.l.LifecycleMappingFactory - Using org.maven.ide.eclipse.wtp.WarLifecycleMapping lifecycle mapping for MavenProject: com.niit:OnlineDress:1.0 @ C:\Users\Saiprashanthi\workspace7\OnlineDress\pom.xml.
2018-01-08 14:59:47,422 [Worker-142] INFO  o.e.m.j.i.AbstractJavaProjectConfigurator - Adding source folder /OnlineDress/src/main/java
2018-01-08 14:59:47,422 [Worker-142] INFO  o.e.m.j.i.AbstractJavaProjectConfigurator - Adding resource folder /OnlineDress/src/main/resources
2018-01-08 14:59:47,422 [Worker-142] INFO  o.e.m.j.i.AbstractJavaProjectConfigurator - Adding source folder /OnlineDress/src/test/java
2018-01-08 14:59:47,734 [Worker-142] ERROR o.e.m2e.wtp.WTPProjectConfigurator - Unable to configure OnlineDress
org.eclipse.m2e.wtp.MarkedException: Unable to configure OnlineDress
	at org.eclipse.m2e.wtp.AbstractProjectConfiguratorDelegate.configureProject(AbstractProjectConfiguratorDelegate.java:98) ~[na:na]
	at org.eclipse.m2e.wtp.WTPProjectConfigurator.configure(WTPProjectConfigurator.java:68) ~[na:na]
	at org.eclipse.m2e.core.project.configurator.AbstractLifecycleMapping.configure(AbstractLifecycleMapping.java:120) [org.eclipse.m2e.core_1.7.0.20160603-1933.jar:na]
	at org.eclipse.m2e.core.internal.project.ProjectConfigurationManager$3.call(ProjectConfigurationManager.java:501) [org.eclipse.m2e.core_1.7.0.20160603-1933.jar:na]
	at org.eclipse.m2e.core.internal.project.ProjectConfigurationManager$3.call(ProjectConfigurationManager.java:1) [org.eclipse.m2e.core_1.7.0.20160603-1933.jar:na]
	at org.eclipse.m2e.core.internal.embedder.MavenExecutionContext.executeBare(MavenExecutionContext.java:176) [org.eclipse.m2e.core_1.7.0.20160603-1933.jar:na]
	at org.eclipse.m2e.core.internal.embedder.MavenExecutionContext.execute(MavenExecutionContext.java:151) [org.eclipse.m2e.core_1.7.0.20160603-1933.jar:na]
	at org.eclipse.m2e.core.internal.project.ProjectConfigurationManager.updateProjectConfiguration(ProjectConfigurationManager.java:494) [org.eclipse.m2e.core_1.7.0.20160603-1933.jar:na]
	at org.eclipse.m2e.core.internal.project.ProjectConfigurationManager.updateProjectConfiguration0(ProjectConfigurationManager.java:432) [org.eclipse.m2e.core_1.7.0.20160603-1933.jar:na]
	at org.eclipse.m2e.core.internal.project.ProjectConfigurationManager$2.call(ProjectConfigurationManager.java:345) [org.eclipse.m2e.core_1.7.0.20160603-1933.jar:na]
	at org.eclipse.m2e.core.internal.project.ProjectConfigurationManager$2.call(ProjectConfigurationManager.java:1) [org.eclipse.m2e.core_1.7.0.20160603-1933.jar:na]
	at org.eclipse.m2e.core.internal.embedder.MavenExecutionContext.executeBare(MavenExecutionContext.java:176) [org.eclipse.m2e.core_1.7.0.20160603-1933.jar:na]
	at org.eclipse.m2e.core.internal.embedder.MavenExecutionContext.execute(MavenExecutionContext.java:151) [org.eclipse.m2e.core_1.7.0.20160603-1933.jar:na]
	at org.eclipse.m2e.core.internal.embedder.MavenExecutionContext.execute(MavenExecutionContext.java:99) [org.eclipse.m2e.core_1.7.0.20160603-1933.jar:na]
	at org.eclipse.m2e.core.internal.embedder.MavenImpl.execute(MavenImpl.java:1351) [org.eclipse.m2e.core_1.7.0.20160603-1933.jar:na]
	at org.eclipse.m2e.core.internal.project.ProjectConfigurationManager.updateProjectConfiguration(ProjectConfigurationManager.java:342) [org.eclipse.m2e.core_1.7.0.20160603-1933.jar:na]
	at org.eclipse.m2e.core.ui.internal.UpdateMavenProjectJob.runInWorkspace(UpdateMavenProjectJob.java:77) [org.eclipse.m2e.core.ui_1.7.0.20160603-1933.jar:na]
	at org.eclipse.core.internal.resources.InternalWorkspaceJob.run(InternalWorkspaceJob.java:39) [org.eclipse.core.resources_3.11.1.v20161107-2032.jar:na]
	at org.eclipse.core.internal.jobs.Worker.run(Worker.java:55) [org.eclipse.core.jobs_3.8.0.v20160509-0411.jar:na]
Caused by: org.eclipse.core.runtime.CoreException: One or more constraints have not been satisfied.
	at org.eclipse.wst.common.project.facet.core.internal.FacetedProject.modifyInternal(FacetedProject.java:363) ~[na:na]
	at org.eclipse.wst.common.project.facet.core.internal.FacetedProject.mergeChangesInternal(FacetedProject.java:1181) ~[na:na]
	at org.eclipse.wst.common.project.facet.core.internal.FacetedProject.access$2(FacetedProject.java:1117) ~[na:na]
	at org.eclipse.wst.common.project.facet.core.internal.FacetedProject$1.run(FacetedProject.java:324) ~[na:na]
	at org.eclipse.core.internal.resources.Workspace.run(Workspace.java:2240) ~[org.eclipse.core.resources_3.11.1.v20161107-2032.jar:na]
	at org.eclipse.core.internal.resources.Workspace.run(Workspace.java:2267) ~[org.eclipse.core.resources_3.11.1.v20161107-2032.jar:na]
	at org.eclipse.wst.common.project.facet.core.internal.FacetedProject.modify(FacetedProject.java:339) ~[na:na]
	at org.eclipse.m2e.wtp.WebProjectConfiguratorDelegate.configure(WebProjectConfiguratorDelegate.java:136) ~[na:na]
	at org.eclipse.m2e.wtp.AbstractProjectConfiguratorDelegate.configureProject(AbstractProjectConfiguratorDelegate.java:94) ~[na:na]
	... 18 common frames omitted
2018-01-08 14:59:47,922 [Worker-142] INFO  o.e.m.w.i.f.ResourceFilteringBuildParticipant - Cleaning filtered folder for OnlineDress
2018-01-08 14:59:47,969 [Worker-142] INFO  o.e.m.c.i.p.ProjectConfigurationManager - Update completed: 1 sec
2018-01-08 14:59:48,547 [Worker-136] WARN  o.e.m.c.i.embedder.EclipseLogger - Using platform encoding (Cp1252 actually) to copy filtered resources, i.e. build is platform dependent!
2018-01-08 14:59:48,547 [Worker-136] INFO  o.e.m.c.i.embedder.EclipseLogger - Copying 0 resource
2018-01-08 14:59:48,547 [Worker-136] WARN  o.e.m.c.i.embedder.EclipseLogger - Using platform encoding (Cp1252 actually) to copy filtered resources, i.e. build is platform dependent!
2018-01-08 14:59:48,547 [Worker-136] INFO  o.e.m.c.i.embedder.EclipseLogger - skip non existing resourceDirectory C:\Users\Saiprashanthi\workspace7\OnlineDress\src\test\resources
2018-01-08 14:59:48,563 [Worker-136] INFO  o.e.m.w.i.f.ResourceFilteringBuildParticipant - Changed resources require a complete clean of filtered resources of OnlineDress
2018-01-08 14:59:48,563 [Worker-136] INFO  o.e.m.w.i.f.ResourceFilteringBuildParticipant - Executing resource filtering for OnlineDress
2018-01-08 14:59:48,563 [Worker-136] WARN  o.e.m.c.i.embedder.EclipseLogger - Using platform encoding (Cp1252 actually) to copy filtered resources, i.e. build is platform dependent!
2018-01-08 15:03:11,623 [Worker-158] INFO  o.e.m.c.i.l.LifecycleMappingFactory - Using org.maven.ide.eclipse.wtp.WarLifecycleMapping lifecycle mapping for MavenProject: com.niit:OnlineDress:1.0 @ C:\Users\Saiprashanthi\workspace7\OnlineDress\pom.xml.
2018-01-08 15:03:12,264 [Worker-158] WARN  o.e.m.c.i.embedder.EclipseLogger - Using platform encoding (Cp1252 actually) to copy filtered resources, i.e. build is platform dependent!
2018-01-08 15:03:12,264 [Worker-158] INFO  o.e.m.c.i.embedder.EclipseLogger - Copying 0 resource
2018-01-08 15:03:12,264 [Worker-158] WARN  o.e.m.c.i.embedder.EclipseLogger - Using platform encoding (Cp1252 actually) to copy filtered resources, i.e. build is platform dependent!
2018-01-08 15:03:12,264 [Worker-158] INFO  o.e.m.c.i.embedder.EclipseLogger - skip non existing resourceDirectory C:\Users\Saiprashanthi\workspace7\OnlineDress\src\test\resources
2018-01-08 15:03:12,264 [Worker-158] INFO  o.e.m.w.i.f.ResourceFilteringBuildParticipant - Changed resources require a complete clean of filtered resources of OnlineDress
2018-01-08 15:03:12,264 [Worker-158] INFO  o.e.m.w.i.f.ResourceFilteringBuildParticipant - Executing resource filtering for OnlineDress
2018-01-08 15:03:12,264 [Worker-158] WARN  o.e.m.c.i.embedder.EclipseLogger - Using platform encoding (Cp1252 actually) to copy filtered resources, i.e. build is platform dependent!
2018-01-08 15:03:13,831 [Worker-149] WARN  o.e.m.c.i.embedder.EclipseLogger - Using platform encoding (Cp1252 actually) to copy filtered resources, i.e. build is platform dependent!
2018-01-08 15:03:13,831 [Worker-149] INFO  o.e.m.c.i.embedder.EclipseLogger - Copying 0 resource
2018-01-08 15:03:13,846 [Worker-149] WARN  o.e.m.c.i.embedder.EclipseLogger - Using platform encoding (Cp1252 actually) to copy filtered resources, i.e. build is platform dependent!
2018-01-08 15:03:13,846 [Worker-149] INFO  o.e.m.c.i.embedder.EclipseLogger - skip non existing resourceDirectory C:\Users\Saiprashanthi\workspace7\OnlineDress\src\test\resources
2018-01-08 15:10:36,596 [Worker-161] INFO  o.e.m.c.i.p.ProjectConfigurationManager - Update started
2018-01-08 15:10:36,757 [Worker-161] INFO  o.e.m.c.i.l.LifecycleMappingFactory - Using org.maven.ide.eclipse.wtp.WarLifecycleMapping lifecycle mapping for MavenProject: com.niit:OnlineDress:1.0 @ C:\Users\Saiprashanthi\workspace7\OnlineDress\pom.xml.
2018-01-08 15:10:37,375 [Worker-161] INFO  o.e.m.j.i.AbstractJavaProjectConfigurator - Adding source folder /OnlineDress/src/main/java
2018-01-08 15:10:37,375 [Worker-161] INFO  o.e.m.j.i.AbstractJavaProjectConfigurator - Adding resource folder /OnlineDress/src/main/resources
2018-01-08 15:10:37,375 [Worker-161] INFO  o.e.m.j.i.AbstractJavaProjectConfigurator - Adding source folder /OnlineDress/src/test/java
2018-01-08 15:10:37,594 [Worker-161] ERROR o.e.m2e.wtp.WTPProjectConfigurator - Unable to configure OnlineDress
org.eclipse.m2e.wtp.MarkedException: Unable to configure OnlineDress
	at org.eclipse.m2e.wtp.AbstractProjectConfiguratorDelegate.configureProject(AbstractProjectConfiguratorDelegate.java:98) ~[na:na]
	at org.eclipse.m2e.wtp.WTPProjectConfigurator.configure(WTPProjectConfigurator.java:68) ~[na:na]
	at org.eclipse.m2e.core.project.configurator.AbstractLifecycleMapping.configure(AbstractLifecycleMapping.java:120) [org.eclipse.m2e.core_1.7.0.20160603-1933.jar:na]
	at org.eclipse.m2e.core.internal.project.ProjectConfigurationManager$3.call(ProjectConfigurationManager.java:501) [org.eclipse.m2e.core_1.7.0.20160603-1933.jar:na]
	at org.eclipse.m2e.core.internal.project.ProjectConfigurationManager$3.call(ProjectConfigurationManager.java:1) [org.eclipse.m2e.core_1.7.0.20160603-1933.jar:na]
	at org.eclipse.m2e.core.internal.embedder.MavenExecutionContext.executeBare(MavenExecutionContext.java:176) [org.eclipse.m2e.core_1.7.0.20160603-1933.jar:na]
	at org.eclipse.m2e.core.internal.embedder.MavenExecutionContext.execute(MavenExecutionContext.java:151) [org.eclipse.m2e.core_1.7.0.20160603-1933.jar:na]
	at org.eclipse.m2e.core.internal.project.ProjectConfigurationManager.updateProjectConfiguration(ProjectConfigurationManager.java:494) [org.eclipse.m2e.core_1.7.0.20160603-1933.jar:na]
	at org.eclipse.m2e.core.internal.project.ProjectConfigurationManager.updateProjectConfiguration0(ProjectConfigurationManager.java:432) [org.eclipse.m2e.core_1.7.0.20160603-1933.jar:na]
	at org.eclipse.m2e.core.internal.project.ProjectConfigurationManager$2.call(ProjectConfigurationManager.java:345) [org.eclipse.m2e.core_1.7.0.20160603-1933.jar:na]
	at org.eclipse.m2e.core.internal.project.ProjectConfigurationManager$2.call(ProjectConfigurationManager.java:1) [org.eclipse.m2e.core_1.7.0.20160603-1933.jar:na]
	at org.eclipse.m2e.core.internal.embedder.MavenExecutionContext.executeBare(MavenExecutionContext.java:176) [org.eclipse.m2e.core_1.7.0.20160603-1933.jar:na]
	at org.eclipse.m2e.core.internal.embedder.MavenExecutionContext.execute(MavenExecutionContext.java:151) [org.eclipse.m2e.core_1.7.0.20160603-1933.jar:na]
	at org.eclipse.m2e.core.internal.embedder.MavenExecutionContext.execute(MavenExecutionContext.java:99) [org.eclipse.m2e.core_1.7.0.20160603-1933.jar:na]
	at org.eclipse.m2e.core.internal.embedder.MavenImpl.execute(MavenImpl.java:1351) [org.eclipse.m2e.core_1.7.0.20160603-1933.jar:na]
	at org.eclipse.m2e.core.internal.project.ProjectConfigurationManager.updateProjectConfiguration(ProjectConfigurationManager.java:342) [org.eclipse.m2e.core_1.7.0.20160603-1933.jar:na]
	at org.eclipse.m2e.core.ui.internal.UpdateMavenProjectJob.runInWorkspace(UpdateMavenProjectJob.java:77) [org.eclipse.m2e.core.ui_1.7.0.20160603-1933.jar:na]
	at org.eclipse.core.internal.resources.InternalWorkspaceJob.run(InternalWorkspaceJob.java:39) [org.eclipse.core.resources_3.11.1.v20161107-2032.jar:na]
	at org.eclipse.core.internal.jobs.Worker.run(Worker.java:55) [org.eclipse.core.jobs_3.8.0.v20160509-0411.jar:na]
Caused by: org.eclipse.core.runtime.CoreException: One or more constraints have not been satisfied.
	at org.eclipse.wst.common.project.facet.core.internal.FacetedProject.modifyInternal(FacetedProject.java:363) ~[na:na]
	at org.eclipse.wst.common.project.facet.core.internal.FacetedProject.mergeChangesInternal(FacetedProject.java:1181) ~[na:na]
	at org.eclipse.wst.common.project.facet.core.internal.FacetedProject.access$2(FacetedProject.java:1117) ~[na:na]
	at org.eclipse.wst.common.project.facet.core.internal.FacetedProject$1.run(FacetedProject.java:324) ~[na:na]
	at org.eclipse.core.internal.resources.Workspace.run(Workspace.java:2240) ~[org.eclipse.core.resources_3.11.1.v20161107-2032.jar:na]
	at org.eclipse.core.internal.resources.Workspace.run(Workspace.java:2267) ~[org.eclipse.core.resources_3.11.1.v20161107-2032.jar:na]
	at org.eclipse.wst.common.project.facet.core.internal.FacetedProject.modify(FacetedProject.java:339) ~[na:na]
	at org.eclipse.m2e.wtp.WebProjectConfiguratorDelegate.configure(WebProjectConfiguratorDelegate.java:136) ~[na:na]
	at org.eclipse.m2e.wtp.AbstractProjectConfiguratorDelegate.configureProject(AbstractProjectConfiguratorDelegate.java:94) ~[na:na]
	... 18 common frames omitted
2018-01-08 15:10:37,703 [Worker-161] INFO  o.e.m.w.i.f.ResourceFilteringBuildParticipant - Cleaning filtered folder for OnlineDress
2018-01-08 15:10:37,719 [Worker-161] INFO  o.e.m.c.i.p.ProjectConfigurationManager - Update completed: 1 sec
2018-01-08 15:10:38,156 [Worker-128] WARN  o.e.m.c.i.embedder.EclipseLogger - Using platform encoding (Cp1252 actually) to copy filtered resources, i.e. build is platform dependent!
2018-01-08 15:10:38,156 [Worker-128] INFO  o.e.m.c.i.embedder.EclipseLogger - Copying 0 resource
2018-01-08 15:10:38,156 [Worker-128] WARN  o.e.m.c.i.embedder.EclipseLogger - Using platform encoding (Cp1252 actually) to copy filtered resources, i.e. build is platform dependent!
2018-01-08 15:10:38,156 [Worker-128] INFO  o.e.m.c.i.embedder.EclipseLogger - skip non existing resourceDirectory C:\Users\Saiprashanthi\workspace7\OnlineDress\src\test\resources
2018-01-08 15:10:38,156 [Worker-128] INFO  o.e.m.w.i.f.ResourceFilteringBuildParticipant - Changed resources require a complete clean of filtered resources of OnlineDress
2018-01-08 15:10:38,156 [Worker-128] INFO  o.e.m.w.i.f.ResourceFilteringBuildParticipant - Executing resource filtering for OnlineDress
2018-01-08 15:10:38,156 [Worker-128] WARN  o.e.m.c.i.embedder.EclipseLogger - Using platform encoding (Cp1252 actually) to copy filtered resources, i.e. build is platform dependent!
2018-01-08 15:11:04,362 [Worker-163] INFO  o.e.m.c.i.l.LifecycleMappingFactory - Using org.maven.ide.eclipse.wtp.WarLifecycleMapping lifecycle mapping for MavenProject: com.niit:OnlineDress:1.0 @ C:\Users\Saiprashanthi\workspace7\OnlineDress\pom.xml.
2018-01-08 15:11:04,913 [Worker-163] WARN  o.e.m.c.i.embedder.EclipseLogger - Using platform encoding (Cp1252 actually) to copy filtered resources, i.e. build is platform dependent!
2018-01-08 15:11:04,913 [Worker-163] INFO  o.e.m.c.i.embedder.EclipseLogger - Copying 0 resource
2018-01-08 15:11:04,913 [Worker-163] WARN  o.e.m.c.i.embedder.EclipseLogger - Using platform encoding (Cp1252 actually) to copy filtered resources, i.e. build is platform dependent!
2018-01-08 15:11:04,913 [Worker-163] INFO  o.e.m.c.i.embedder.EclipseLogger - skip non existing resourceDirectory C:\Users\Saiprashanthi\workspace7\OnlineDress\src\test\resources
2018-01-08 15:11:04,913 [Worker-163] INFO  o.e.m.w.i.f.ResourceFilteringBuildParticipant - Changed resources require a complete clean of filtered resources of OnlineDress
2018-01-08 15:11:04,913 [Worker-163] INFO  o.e.m.w.i.f.ResourceFilteringBuildParticipant - Executing resource filtering for OnlineDress
2018-01-08 15:11:04,913 [Worker-163] WARN  o.e.m.c.i.embedder.EclipseLogger - Using platform encoding (Cp1252 actually) to copy filtered resources, i.e. build is platform dependent!
2018-01-08 15:11:06,488 [Worker-128] WARN  o.e.m.c.i.embedder.EclipseLogger - Using platform encoding (Cp1252 actually) to copy filtered resources, i.e. build is platform dependent!
2018-01-08 15:11:06,488 [Worker-128] INFO  o.e.m.c.i.embedder.EclipseLogger - Copying 0 resource
2018-01-08 15:11:06,488 [Worker-128] WARN  o.e.m.c.i.embedder.EclipseLogger - Using platform encoding (Cp1252 actually) to copy filtered resources, i.e. build is platform dependent!
2018-01-08 15:11:06,488 [Worker-128] INFO  o.e.m.c.i.embedder.EclipseLogger - skip non existing resourceDirectory C:\Users\Saiprashanthi\workspace7\OnlineDress\src\test\resources
2018-01-08 15:26:36,000 [Worker-156] INFO  o.e.m.c.i.l.LifecycleMappingFactory - Using org.maven.ide.eclipse.wtp.WarLifecycleMapping lifecycle mapping for MavenProject: com.niit:OnlineDress:1.0 @ C:\Users\Saiprashanthi\workspace7\OnlineDress\pom.xml.
2018-01-08 15:26:36,625 [Worker-156] WARN  o.e.m.c.i.embedder.EclipseLogger - Using platform encoding (Cp1252 actually) to copy filtered resources, i.e. build is platform dependent!
2018-01-08 15:26:36,640 [Worker-156] INFO  o.e.m.c.i.embedder.EclipseLogger - Copying 0 resource
2018-01-08 15:26:36,640 [Worker-156] WARN  o.e.m.c.i.embedder.EclipseLogger - Using platform encoding (Cp1252 actually) to copy filtered resources, i.e. build is platform dependent!
2018-01-08 15:26:36,640 [Worker-156] INFO  o.e.m.c.i.embedder.EclipseLogger - skip non existing resourceDirectory C:\Users\Saiprashanthi\workspace7\OnlineDress\src\test\resources
2018-01-08 15:26:36,640 [Worker-156] INFO  o.e.m.w.i.f.ResourceFilteringBuildParticipant - Changed resources require a complete clean of filtered resources of OnlineDress
2018-01-08 15:26:36,640 [Worker-156] INFO  o.e.m.w.i.f.ResourceFilteringBuildParticipant - Executing resource filtering for OnlineDress
2018-01-08 15:26:36,640 [Worker-156] WARN  o.e.m.c.i.embedder.EclipseLogger - Using platform encoding (Cp1252 actually) to copy filtered resources, i.e. build is platform dependent!
2018-01-08 15:26:38,359 [Worker-164] WARN  o.e.m.c.i.embedder.EclipseLogger - Using platform encoding (Cp1252 actually) to copy filtered resources, i.e. build is platform dependent!
2018-01-08 15:26:38,359 [Worker-164] INFO  o.e.m.c.i.embedder.EclipseLogger - Copying 0 resource
2018-01-08 15:26:38,359 [Worker-164] WARN  o.e.m.c.i.embedder.EclipseLogger - Using platform encoding (Cp1252 actually) to copy filtered resources, i.e. build is platform dependent!
2018-01-08 15:26:38,359 [Worker-164] INFO  o.e.m.c.i.embedder.EclipseLogger - skip non existing resourceDirectory C:\Users\Saiprashanthi\workspace7\OnlineDress\src\test\resources
2018-01-08 15:26:57,491 [Worker-171] INFO  o.e.m.c.i.l.LifecycleMappingFactory - Using org.maven.ide.eclipse.wtp.WarLifecycleMapping lifecycle mapping for MavenProject: com.niit:OnlineDress:1.0 @ C:\Users\Saiprashanthi\workspace7\OnlineDress\pom.xml.
2018-01-08 15:26:58,007 [Worker-171] WARN  o.e.m.c.i.embedder.EclipseLogger - Using platform encoding (Cp1252 actually) to copy filtered resources, i.e. build is platform dependent!
2018-01-08 15:26:58,007 [Worker-171] INFO  o.e.m.c.i.embedder.EclipseLogger - Copying 0 resource
2018-01-08 15:26:58,007 [Worker-171] WARN  o.e.m.c.i.embedder.EclipseLogger - Using platform encoding (Cp1252 actually) to copy filtered resources, i.e. build is platform dependent!
2018-01-08 15:26:58,007 [Worker-171] INFO  o.e.m.c.i.embedder.EclipseLogger - skip non existing resourceDirectory C:\Users\Saiprashanthi\workspace7\OnlineDress\src\test\resources
2018-01-08 15:26:58,007 [Worker-171] INFO  o.e.m.w.i.f.ResourceFilteringBuildParticipant - Changed resources require a complete clean of filtered resources of OnlineDress
2018-01-08 15:26:58,007 [Worker-171] INFO  o.e.m.w.i.f.ResourceFilteringBuildParticipant - Executing resource filtering for OnlineDress
2018-01-08 15:26:58,007 [Worker-171] WARN  o.e.m.c.i.embedder.EclipseLogger - Using platform encoding (Cp1252 actually) to copy filtered resources, i.e. build is platform dependent!
2018-01-08 15:26:59,776 [Worker-164] WARN  o.e.m.c.i.embedder.EclipseLogger - Using platform encoding (Cp1252 actually) to copy filtered resources, i.e. build is platform dependent!
2018-01-08 15:26:59,776 [Worker-164] INFO  o.e.m.c.i.embedder.EclipseLogger - Copying 0 resource
2018-01-08 15:26:59,776 [Worker-164] WARN  o.e.m.c.i.embedder.EclipseLogger - Using platform encoding (Cp1252 actually) to copy filtered resources, i.e. build is platform dependent!
2018-01-08 15:26:59,776 [Worker-164] INFO  o.e.m.c.i.embedder.EclipseLogger - skip non existing resourceDirectory C:\Users\Saiprashanthi\workspace7\OnlineDress\src\test\resources
2018-01-08 15:31:12,243 [Worker-172] INFO  o.e.m.c.i.l.LifecycleMappingFactory - Using org.maven.ide.eclipse.wtp.WarLifecycleMapping lifecycle mapping for MavenProject: com.niit:OnlineDress:1.0 @ C:\Users\Saiprashanthi\workspace7\OnlineDress\pom.xml.
2018-01-08 15:31:13,024 [Worker-172] WARN  o.e.m.c.i.embedder.EclipseLogger - Using platform encoding (Cp1252 actually) to copy filtered resources, i.e. build is platform dependent!
2018-01-08 15:31:13,040 [Worker-172] INFO  o.e.m.c.i.embedder.EclipseLogger - Copying 0 resource
2018-01-08 15:31:13,040 [Worker-172] WARN  o.e.m.c.i.embedder.EclipseLogger - Using platform encoding (Cp1252 actually) to copy filtered resources, i.e. build is platform dependent!
2018-01-08 15:31:13,040 [Worker-172] INFO  o.e.m.c.i.embedder.EclipseLogger - skip non existing resourceDirectory C:\Users\Saiprashanthi\workspace7\OnlineDress\src\test\resources
2018-01-08 15:31:13,040 [Worker-172] INFO  o.e.m.w.i.f.ResourceFilteringBuildParticipant - Changed resources require a complete clean of filtered resources of OnlineDress
2018-01-08 15:31:13,040 [Worker-172] INFO  o.e.m.w.i.f.ResourceFilteringBuildParticipant - Executing resource filtering for OnlineDress
2018-01-08 15:31:13,040 [Worker-172] WARN  o.e.m.c.i.embedder.EclipseLogger - Using platform encoding (Cp1252 actually) to copy filtered resources, i.e. build is platform dependent!
2018-01-08 15:31:14,696 [Worker-174] WARN  o.e.m.c.i.embedder.EclipseLogger - Using platform encoding (Cp1252 actually) to copy filtered resources, i.e. build is platform dependent!
2018-01-08 15:31:14,712 [Worker-174] INFO  o.e.m.c.i.embedder.EclipseLogger - Copying 0 resource
2018-01-08 15:31:14,712 [Worker-174] WARN  o.e.m.c.i.embedder.EclipseLogger - Using platform encoding (Cp1252 actually) to copy filtered resources, i.e. build is platform dependent!
2018-01-08 15:31:14,712 [Worker-174] INFO  o.e.m.c.i.embedder.EclipseLogger - skip non existing resourceDirectory C:\Users\Saiprashanthi\workspace7\OnlineDress\src\test\resources
2018-01-08 15:35:55,462 [Worker-156] INFO  o.e.m.c.i.l.LifecycleMappingFactory - Using org.maven.ide.eclipse.wtp.WarLifecycleMapping lifecycle mapping for MavenProject: com.niit:OnlineDress:1.0 @ C:\Users\Saiprashanthi\workspace7\OnlineDress\pom.xml.
2018-01-08 15:35:57,139 [Worker-156] INFO  o.e.m.c.i.e.AbstractTransferListenerAdapter - Downloading https://repo.maven.apache.org/maven2/org/jboss/logging/jboss-logging/3.1.0.CR1/jboss-logging-3.1.0.CR1.pom
2018-01-08 15:35:57,436 [Worker-156] INFO  o.e.m.c.i.e.AbstractTransferListenerAdapter - Downloaded https://repo.maven.apache.org/maven2/org/jboss/logging/jboss-logging/3.1.0.CR1/jboss-logging-3.1.0.CR1.pom
2018-01-08 15:35:58,408 [Worker-156] INFO  o.e.m.c.i.e.AbstractTransferListenerAdapter - Downloading https://repo.maven.apache.org/maven2/org/jboss/logging/jboss-logging/3.1.0.CR1/jboss-logging-3.1.0.CR1.jar
2018-01-08 15:36:00,502 [Worker-156] INFO  o.e.m.c.i.e.AbstractTransferListenerAdapter - Downloaded https://repo.maven.apache.org/maven2/org/jboss/logging/jboss-logging/3.1.0.CR1/jboss-logging-3.1.0.CR1.jar
2018-01-08 15:36:00,951 [Worker-156] WARN  o.e.m.c.i.embedder.EclipseLogger - Using platform encoding (Cp1252 actually) to copy filtered resources, i.e. build is platform dependent!
2018-01-08 15:36:00,951 [Worker-156] INFO  o.e.m.c.i.embedder.EclipseLogger - Copying 0 resource
2018-01-08 15:36:00,951 [Worker-156] WARN  o.e.m.c.i.embedder.EclipseLogger - Using platform encoding (Cp1252 actually) to copy filtered resources, i.e. build is platform dependent!
2018-01-08 15:36:00,951 [Worker-156] INFO  o.e.m.c.i.embedder.EclipseLogger - skip non existing resourceDirectory C:\Users\Saiprashanthi\workspace7\OnlineDress\src\test\resources
2018-01-08 15:36:00,951 [Worker-156] INFO  o.e.m.w.i.f.ResourceFilteringBuildParticipant - Changed resources require a complete clean of filtered resources of OnlineDress
2018-01-08 15:36:00,951 [Worker-156] INFO  o.e.m.w.i.f.ResourceFilteringBuildParticipant - Executing resource filtering for OnlineDress
2018-01-08 15:36:00,951 [Worker-156] WARN  o.e.m.c.i.embedder.EclipseLogger - Using platform encoding (Cp1252 actually) to copy filtered resources, i.e. build is platform dependent!
2018-01-08 15:36:02,698 [Worker-180] WARN  o.e.m.c.i.embedder.EclipseLogger - Using platform encoding (Cp1252 actually) to copy filtered resources, i.e. build is platform dependent!
2018-01-08 15:36:02,698 [Worker-180] INFO  o.e.m.c.i.embedder.EclipseLogger - Copying 0 resource
2018-01-08 15:36:02,698 [Worker-180] WARN  o.e.m.c.i.embedder.EclipseLogger - Using platform encoding (Cp1252 actually) to copy filtered resources, i.e. build is platform dependent!
2018-01-08 15:36:02,714 [Worker-180] INFO  o.e.m.c.i.embedder.EclipseLogger - skip non existing resourceDirectory C:\Users\Saiprashanthi\workspace7\OnlineDress\src\test\resources
2018-01-08 15:36:17,080 [Worker-174] INFO  o.e.m.i.launch.MavenLaunchDelegate - C:\Users\Saiprashanthi\workspace7\OnlineDress
2018-01-08 15:36:17,080 [Worker-174] INFO  o.e.m.i.launch.MavenLaunchDelegate -  mvn -B clean install
2018-01-08 15:36:50,219 [Worker-156] INFO  o.e.m.c.i.l.LifecycleMappingFactory - Using org.maven.ide.eclipse.wtp.WarLifecycleMapping lifecycle mapping for MavenProject: com.niit:OnlineDress:1.0 @ C:\Users\Saiprashanthi\workspace7\OnlineDress\pom.xml.
2018-01-08 15:36:51,016 [Worker-156] WARN  o.e.m.c.i.embedder.EclipseLogger - Using platform encoding (Cp1252 actually) to copy filtered resources, i.e. build is platform dependent!
2018-01-08 15:36:51,016 [Worker-156] INFO  o.e.m.c.i.embedder.EclipseLogger - Copying 0 resource
2018-01-08 15:36:51,016 [Worker-156] WARN  o.e.m.c.i.embedder.EclipseLogger - Using platform encoding (Cp1252 actually) to copy filtered resources, i.e. build is platform dependent!
2018-01-08 15:36:51,016 [Worker-156] INFO  o.e.m.c.i.embedder.EclipseLogger - skip non existing resourceDirectory C:\Users\Saiprashanthi\workspace7\OnlineDress\src\test\resources
2018-01-08 15:36:51,016 [Worker-156] INFO  o.e.m.w.i.f.ResourceFilteringBuildParticipant - Changed resources require a complete clean of filtered resources of OnlineDress
2018-01-08 15:36:51,016 [Worker-156] INFO  o.e.m.w.i.f.ResourceFilteringBuildParticipant - Executing resource filtering for OnlineDress
2018-01-08 15:36:51,032 [Worker-156] WARN  o.e.m.c.i.embedder.EclipseLogger - Using platform encoding (Cp1252 actually) to copy filtered resources, i.e. build is platform dependent!
2018-01-08 15:36:52,720 [Worker-176] WARN  o.e.m.c.i.embedder.EclipseLogger - Using platform encoding (Cp1252 actually) to copy filtered resources, i.e. build is platform dependent!
2018-01-08 15:36:52,720 [Worker-176] INFO  o.e.m.c.i.embedder.EclipseLogger - Copying 0 resource
2018-01-08 15:36:52,720 [Worker-176] WARN  o.e.m.c.i.embedder.EclipseLogger - Using platform encoding (Cp1252 actually) to copy filtered resources, i.e. build is platform dependent!
2018-01-08 15:36:52,720 [Worker-176] INFO  o.e.m.c.i.embedder.EclipseLogger - skip non existing resourceDirectory C:\Users\Saiprashanthi\workspace7\OnlineDress\src\test\resources
2018-01-08 15:40:04,359 [Worker-175] WARN  o.e.m.c.i.embedder.EclipseLogger - Using platform encoding (Cp1252 actually) to copy filtered resources, i.e. build is platform dependent!
2018-01-08 15:40:04,359 [Worker-175] INFO  o.e.m.c.i.embedder.EclipseLogger - Copying 0 resource
2018-01-08 15:40:04,359 [Worker-175] WARN  o.e.m.c.i.embedder.EclipseLogger - Using platform encoding (Cp1252 actually) to copy filtered resources, i.e. build is platform dependent!
2018-01-08 15:40:04,359 [Worker-175] INFO  o.e.m.c.i.embedder.EclipseLogger - skip non existing resourceDirectory C:\Users\Saiprashanthi\workspace7\OnlineDress\src\test\resources
2018-01-08 15:41:09,423 [Worker-175] WARN  o.e.m.c.i.embedder.EclipseLogger - Using platform encoding (Cp1252 actually) to copy filtered resources, i.e. build is platform dependent!
2018-01-08 15:41:09,439 [Worker-175] INFO  o.e.m.c.i.embedder.EclipseLogger - Copying 0 resource
2018-01-08 15:41:09,439 [Worker-175] WARN  o.e.m.c.i.embedder.EclipseLogger - Using platform encoding (Cp1252 actually) to copy filtered resources, i.e. build is platform dependent!
2018-01-08 15:41:09,439 [Worker-175] INFO  o.e.m.c.i.embedder.EclipseLogger - skip non existing resourceDirectory C:\Users\Saiprashanthi\workspace7\OnlineDress\src\test\resources
2018-01-08 15:41:14,393 [Worker-186] WARN  o.e.m.c.i.embedder.EclipseLogger - Using platform encoding (Cp1252 actually) to copy filtered resources, i.e. build is platform dependent!
2018-01-08 15:41:14,393 [Worker-186] INFO  o.e.m.c.i.embedder.EclipseLogger - Copying 0 resource
2018-01-08 15:41:14,393 [Worker-186] WARN  o.e.m.c.i.embedder.EclipseLogger - Using platform encoding (Cp1252 actually) to copy filtered resources, i.e. build is platform dependent!
2018-01-08 15:41:14,393 [Worker-186] INFO  o.e.m.c.i.embedder.EclipseLogger - skip non existing resourceDirectory C:\Users\Saiprashanthi\workspace7\OnlineDress\src\test\resources
2018-01-08 15:42:58,468 [Worker-182] WARN  o.e.m.c.i.embedder.EclipseLogger - Using platform encoding (Cp1252 actually) to copy filtered resources, i.e. build is platform dependent!
2018-01-08 15:42:58,468 [Worker-182] INFO  o.e.m.c.i.embedder.EclipseLogger - Copying 0 resource
2018-01-08 15:42:58,468 [Worker-182] WARN  o.e.m.c.i.embedder.EclipseLogger - Using platform encoding (Cp1252 actually) to copy filtered resources, i.e. build is platform dependent!
2018-01-08 15:42:58,468 [Worker-182] INFO  o.e.m.c.i.embedder.EclipseLogger - skip non existing resourceDirectory C:\Users\Saiprashanthi\workspace7\OnlineDress\src\test\resources
2018-01-08 16:00:35,819 [Worker-186] WARN  o.e.m.c.i.embedder.EclipseLogger - Using platform encoding (Cp1252 actually) to copy filtered resources, i.e. build is platform dependent!
2018-01-08 16:00:35,851 [Worker-186] INFO  o.e.m.c.i.embedder.EclipseLogger - Copying 0 resource
2018-01-08 16:00:35,851 [Worker-186] WARN  o.e.m.c.i.embedder.EclipseLogger - Using platform encoding (Cp1252 actually) to copy filtered resources, i.e. build is platform dependent!
2018-01-08 16:00:35,851 [Worker-186] INFO  o.e.m.c.i.embedder.EclipseLogger - skip non existing resourceDirectory C:\Users\Saiprashanthi\workspace7\OnlineDress\src\test\resources
2018-01-08 16:02:17,418 [Worker-186] WARN  o.e.m.c.i.embedder.EclipseLogger - Using platform encoding (Cp1252 actually) to copy filtered resources, i.e. build is platform dependent!
2018-01-08 16:02:17,434 [Worker-186] INFO  o.e.m.c.i.embedder.EclipseLogger - Copying 0 resource
2018-01-08 16:02:17,434 [Worker-186] WARN  o.e.m.c.i.embedder.EclipseLogger - Using platform encoding (Cp1252 actually) to copy filtered resources, i.e. build is platform dependent!
2018-01-08 16:02:17,434 [Worker-186] INFO  o.e.m.c.i.embedder.EclipseLogger - skip non existing resourceDirectory C:\Users\Saiprashanthi\workspace7\OnlineDress\src\test\resources
2018-01-08 16:04:10,404 [Worker-178] WARN  o.e.m.c.i.embedder.EclipseLogger - Using platform encoding (Cp1252 actually) to copy filtered resources, i.e. build is platform dependent!
2018-01-08 16:04:10,419 [Worker-178] INFO  o.e.m.c.i.embedder.EclipseLogger - Copying 0 resource
2018-01-08 16:04:10,419 [Worker-178] WARN  o.e.m.c.i.embedder.EclipseLogger - Using platform encoding (Cp1252 actually) to copy filtered resources, i.e. build is platform dependent!
2018-01-08 16:04:10,419 [Worker-178] INFO  o.e.m.c.i.embedder.EclipseLogger - skip non existing resourceDirectory C:\Users\Saiprashanthi\workspace7\OnlineDress\src\test\resources
2018-01-08 16:10:06,420 [Worker-192] WARN  o.e.m.c.i.embedder.EclipseLogger - Using platform encoding (Cp1252 actually) to copy filtered resources, i.e. build is platform dependent!
2018-01-08 16:10:06,420 [Worker-192] INFO  o.e.m.c.i.embedder.EclipseLogger - Copying 0 resource
2018-01-08 16:10:06,420 [Worker-192] WARN  o.e.m.c.i.embedder.EclipseLogger - Using platform encoding (Cp1252 actually) to copy filtered resources, i.e. build is platform dependent!
2018-01-08 16:10:06,420 [Worker-192] INFO  o.e.m.c.i.embedder.EclipseLogger - skip non existing resourceDirectory C:\Users\Saiprashanthi\workspace7\OnlineDress\src\test\resources
2018-01-08 16:14:31,231 [Worker-176] WARN  o.e.m.c.i.embedder.EclipseLogger - Using platform encoding (Cp1252 actually) to copy filtered resources, i.e. build is platform dependent!
2018-01-08 16:14:31,246 [Worker-176] INFO  o.e.m.c.i.embedder.EclipseLogger - Copying 0 resource
2018-01-08 16:14:31,246 [Worker-176] WARN  o.e.m.c.i.embedder.EclipseLogger - Using platform encoding (Cp1252 actually) to copy filtered resources, i.e. build is platform dependent!
2018-01-08 16:14:31,246 [Worker-176] INFO  o.e.m.c.i.embedder.EclipseLogger - skip non existing resourceDirectory C:\Users\Saiprashanthi\workspace7\OnlineDress\src\test\resources
2018-01-08 16:15:47,605 [Worker-192] WARN  o.e.m.c.i.embedder.EclipseLogger - Using platform encoding (Cp1252 actually) to copy filtered resources, i.e. build is platform dependent!
2018-01-08 16:15:47,605 [Worker-192] INFO  o.e.m.c.i.embedder.EclipseLogger - Copying 0 resource
2018-01-08 16:15:47,605 [Worker-192] WARN  o.e.m.c.i.embedder.EclipseLogger - Using platform encoding (Cp1252 actually) to copy filtered resources, i.e. build is platform dependent!
2018-01-08 16:15:47,605 [Worker-192] INFO  o.e.m.c.i.embedder.EclipseLogger - skip non existing resourceDirectory C:\Users\Saiprashanthi\workspace7\OnlineDress\src\test\resources
2018-01-08 16:19:32,013 [Worker-176] WARN  o.e.m.c.i.embedder.EclipseLogger - Using platform encoding (Cp1252 actually) to copy filtered resources, i.e. build is platform dependent!
2018-01-08 16:19:32,013 [Worker-176] INFO  o.e.m.c.i.embedder.EclipseLogger - Copying 0 resource
2018-01-08 16:19:32,013 [Worker-176] WARN  o.e.m.c.i.embedder.EclipseLogger - Using platform encoding (Cp1252 actually) to copy filtered resources, i.e. build is platform dependent!
2018-01-08 16:19:32,013 [Worker-176] INFO  o.e.m.c.i.embedder.EclipseLogger - skip non existing resourceDirectory C:\Users\Saiprashanthi\workspace7\OnlineDress\src\test\resources
2018-01-08 16:22:03,387 [Worker-192] WARN  o.e.m.c.i.embedder.EclipseLogger - Using platform encoding (Cp1252 actually) to copy filtered resources, i.e. build is platform dependent!
2018-01-08 16:22:03,387 [Worker-192] INFO  o.e.m.c.i.embedder.EclipseLogger - Copying 0 resource
2018-01-08 16:22:03,387 [Worker-192] WARN  o.e.m.c.i.embedder.EclipseLogger - Using platform encoding (Cp1252 actually) to copy filtered resources, i.e. build is platform dependent!
2018-01-08 16:22:03,387 [Worker-192] INFO  o.e.m.c.i.embedder.EclipseLogger - skip non existing resourceDirectory C:\Users\Saiprashanthi\workspace7\OnlineDress\src\test\resources
2018-01-08 16:26:55,590 [Worker-176] WARN  o.e.m.c.i.embedder.EclipseLogger - Using platform encoding (Cp1252 actually) to copy filtered resources, i.e. build is platform dependent!
2018-01-08 16:26:55,590 [Worker-176] INFO  o.e.m.c.i.embedder.EclipseLogger - Copying 0 resource
2018-01-08 16:26:55,606 [Worker-176] WARN  o.e.m.c.i.embedder.EclipseLogger - Using platform encoding (Cp1252 actually) to copy filtered resources, i.e. build is platform dependent!
2018-01-08 16:26:55,606 [Worker-176] INFO  o.e.m.c.i.embedder.EclipseLogger - skip non existing resourceDirectory C:\Users\Saiprashanthi\workspace7\OnlineDress\src\test\resources
2018-01-08 16:27:07,963 [Worker-176] WARN  o.e.m.c.i.embedder.EclipseLogger - Using platform encoding (Cp1252 actually) to copy filtered resources, i.e. build is platform dependent!
2018-01-08 16:27:07,979 [Worker-176] INFO  o.e.m.c.i.embedder.EclipseLogger - Copying 0 resource
2018-01-08 16:27:07,979 [Worker-176] WARN  o.e.m.c.i.embedder.EclipseLogger - Using platform encoding (Cp1252 actually) to copy filtered resources, i.e. build is platform dependent!
2018-01-08 16:27:07,979 [Worker-176] INFO  o.e.m.c.i.embedder.EclipseLogger - skip non existing resourceDirectory C:\Users\Saiprashanthi\workspace7\OnlineDress\src\test\resources
2018-01-08 16:30:02,269 [Worker-192] WARN  o.e.m.c.i.embedder.EclipseLogger - Using platform encoding (Cp1252 actually) to copy filtered resources, i.e. build is platform dependent!
2018-01-08 16:30:02,269 [Worker-192] INFO  o.e.m.c.i.embedder.EclipseLogger - Copying 0 resource
2018-01-08 16:30:02,269 [Worker-192] WARN  o.e.m.c.i.embedder.EclipseLogger - Using platform encoding (Cp1252 actually) to copy filtered resources, i.e. build is platform dependent!
2018-01-08 16:30:02,269 [Worker-192] INFO  o.e.m.c.i.embedder.EclipseLogger - skip non existing resourceDirectory C:\Users\Saiprashanthi\workspace7\OnlineDress\src\test\resources
2018-01-08 16:30:16,719 [Worker-176] WARN  o.e.m.c.i.embedder.EclipseLogger - Using platform encoding (Cp1252 actually) to copy filtered resources, i.e. build is platform dependent!
2018-01-08 16:30:16,719 [Worker-176] INFO  o.e.m.c.i.embedder.EclipseLogger - Copying 0 resource
2018-01-08 16:30:16,719 [Worker-176] WARN  o.e.m.c.i.embedder.EclipseLogger - Using platform encoding (Cp1252 actually) to copy filtered resources, i.e. build is platform dependent!
2018-01-08 16:30:16,719 [Worker-176] INFO  o.e.m.c.i.embedder.EclipseLogger - skip non existing resourceDirectory C:\Users\Saiprashanthi\workspace7\OnlineDress\src\test\resources
